[2026-03-18 16:32:28Z INFO HostContext] No proxy settings were found based on environmental variables (http_proxy/https_proxy/HTTP_PROXY/HTTPS_PROXY)
[2026-03-18 16:32:28Z INFO HostContext] Well known directory 'Bin': '/Users/noelito/Desktop/EIF3/2Cuatrimestre/SAT/django/GameRank-Website_Django-Python_based_/actions-runner/bin'
[2026-03-18 16:32:28Z INFO HostContext] Well known directory 'Root': '/Users/noelito/Desktop/EIF3/2Cuatrimestre/SAT/django/GameRank-Website_Django-Python_based_/actions-runner'
[2026-03-18 16:32:28Z INFO HostContext] Well known config file 'Credentials': '/Users/noelito/Desktop/EIF3/2Cuatrimestre/SAT/django/GameRank-Website_Django-Python_based_/actions-runner/.credentials'
[2026-03-18 16:32:28Z INFO HostContext] Well known directory 'Bin': '/Users/noelito/Desktop/EIF3/2Cuatrimestre/SAT/django/GameRank-Website_Django-Python_based_/actions-runner/bin'
[2026-03-18 16:32:28Z INFO HostContext] Well known directory 'Root': '/Users/noelito/Desktop/EIF3/2Cuatrimestre/SAT/django/GameRank-Website_Django-Python_based_/actions-runner'
[2026-03-18 16:32:28Z INFO HostContext] Well known config file 'Runner': '/Users/noelito/Desktop/EIF3/2Cuatrimestre/SAT/django/GameRank-Website_Django-Python_based_/actions-runner/.runner'
[2026-03-18 16:32:28Z INFO Listener] Runner is built for OSX (Arm64) - osx-arm64.
[2026-03-18 16:32:28Z INFO Listener] RuntimeInformation: Darwin 25.4.0 Darwin Kernel Version 25.4.0: Thu Mar  5 22:46:01 PST 2026; root:xnu-12377.101.14~19/RELEASE_ARM64_T8103.
[2026-03-18 16:32:28Z INFO Listener] Version: 2.332.0
[2026-03-18 16:32:28Z INFO Listener] Commit: a153d802ff96c51ac1b8d72dd8a38ebe830398fc
[2026-03-18 16:32:28Z INFO Listener] Culture: en-US
[2026-03-18 16:32:28Z INFO Listener] UI Culture: en-US
[2026-03-18 16:32:28Z INFO HostContext] Well known directory 'Bin': '/Users/noelito/Desktop/EIF3/2Cuatrimestre/SAT/django/GameRank-Website_Django-Python_based_/actions-runner/bin'
[2026-03-18 16:32:28Z INFO HostContext] Well known directory 'Root': '/Users/noelito/Desktop/EIF3/2Cuatrimestre/SAT/django/GameRank-Website_Django-Python_based_/actions-runner'
[2026-03-18 16:32:28Z INFO Listener] Validating directory permissions for: '/Users/noelito/Desktop/EIF3/2Cuatrimestre/SAT/django/GameRank-Website_Django-Python_based_/actions-runner'
[2026-03-18 16:32:28Z INFO CommandLineParser] Parse
[2026-03-18 16:32:28Z INFO CommandLineParser] Parsing 1 args
[2026-03-18 16:32:28Z INFO CommandLineParser] parsing argument
[2026-03-18 16:32:28Z INFO CommandLineParser] HasArgs: False
[2026-03-18 16:32:28Z INFO CommandLineParser] Adding Command: run
[2026-03-18 16:32:28Z INFO Listener] Arguments parsed
[2026-03-18 16:32:28Z INFO Runner] ExecuteCommand
[2026-03-18 16:32:28Z INFO ConfigurationStore] currentAssemblyLocation: /Users/noelito/Desktop/EIF3/2Cuatrimestre/SAT/django/GameRank-Website_Django-Python_based_/actions-runner/bin/Runner.Listener.dll
[2026-03-18 16:32:28Z INFO HostContext] Well known directory 'Bin': '/Users/noelito/Desktop/EIF3/2Cuatrimestre/SAT/django/GameRank-Website_Django-Python_based_/actions-runner/bin'
[2026-03-18 16:32:28Z INFO ConfigurationStore] binPath: /Users/noelito/Desktop/EIF3/2Cuatrimestre/SAT/django/GameRank-Website_Django-Python_based_/actions-runner/bin
[2026-03-18 16:32:28Z INFO HostContext] Well known directory 'Bin': '/Users/noelito/Desktop/EIF3/2Cuatrimestre/SAT/django/GameRank-Website_Django-Python_based_/actions-runner/bin'
[2026-03-18 16:32:28Z INFO HostContext] Well known directory 'Root': '/Users/noelito/Desktop/EIF3/2Cuatrimestre/SAT/django/GameRank-Website_Django-Python_based_/actions-runner'
[2026-03-18 16:32:28Z INFO ConfigurationStore] RootFolder: /Users/noelito/Desktop/EIF3/2Cuatrimestre/SAT/django/GameRank-Website_Django-Python_based_/actions-runner
[2026-03-18 16:32:28Z INFO HostContext] Well known directory 'Bin': '/Users/noelito/Desktop/EIF3/2Cuatrimestre/SAT/django/GameRank-Website_Django-Python_based_/actions-runner/bin'
[2026-03-18 16:32:28Z INFO HostContext] Well known directory 'Root': '/Users/noelito/Desktop/EIF3/2Cuatrimestre/SAT/django/GameRank-Website_Django-Python_based_/actions-runner'
[2026-03-18 16:32:28Z INFO HostContext] Well known config file 'Runner': '/Users/noelito/Desktop/EIF3/2Cuatrimestre/SAT/django/GameRank-Website_Django-Python_based_/actions-runner/.runner'
[2026-03-18 16:32:28Z INFO ConfigurationStore] ConfigFilePath: /Users/noelito/Desktop/EIF3/2Cuatrimestre/SAT/django/GameRank-Website_Django-Python_based_/actions-runner/.runner
[2026-03-18 16:32:28Z INFO HostContext] Well known directory 'Bin': '/Users/noelito/Desktop/EIF3/2Cuatrimestre/SAT/django/GameRank-Website_Django-Python_based_/actions-runner/bin'
[2026-03-18 16:32:28Z INFO HostContext] Well known directory 'Root': '/Users/noelito/Desktop/EIF3/2Cuatrimestre/SAT/django/GameRank-Website_Django-Python_based_/actions-runner'
[2026-03-18 16:32:28Z INFO HostContext] Well known config file 'MigratedRunner': '/Users/noelito/Desktop/EIF3/2Cuatrimestre/SAT/django/GameRank-Website_Django-Python_based_/actions-runner/.runner_migrated'
[2026-03-18 16:32:28Z INFO ConfigurationStore] MigratedConfigFilePath: /Users/noelito/Desktop/EIF3/2Cuatrimestre/SAT/django/GameRank-Website_Django-Python_based_/actions-runner/.runner_migrated
[2026-03-18 16:32:28Z INFO HostContext] Well known directory 'Bin': '/Users/noelito/Desktop/EIF3/2Cuatrimestre/SAT/django/GameRank-Website_Django-Python_based_/actions-runner/bin'
[2026-03-18 16:32:28Z INFO HostContext] Well known directory 'Root': '/Users/noelito/Desktop/EIF3/2Cuatrimestre/SAT/django/GameRank-Website_Django-Python_based_/actions-runner'
[2026-03-18 16:32:28Z INFO HostContext] Well known config file 'Credentials': '/Users/noelito/Desktop/EIF3/2Cuatrimestre/SAT/django/GameRank-Website_Django-Python_based_/actions-runner/.credentials'
[2026-03-18 16:32:28Z INFO ConfigurationStore] CredFilePath: /Users/noelito/Desktop/EIF3/2Cuatrimestre/SAT/django/GameRank-Website_Django-Python_based_/actions-runner/.credentials
[2026-03-18 16:32:28Z INFO HostContext] Well known directory 'Bin': '/Users/noelito/Desktop/EIF3/2Cuatrimestre/SAT/django/GameRank-Website_Django-Python_based_/actions-runner/bin'
[2026-03-18 16:32:28Z INFO HostContext] Well known directory 'Root': '/Users/noelito/Desktop/EIF3/2Cuatrimestre/SAT/django/GameRank-Website_Django-Python_based_/actions-runner'
[2026-03-18 16:32:28Z INFO HostContext] Well known config file 'MigratedCredentials': '/Users/noelito/Desktop/EIF3/2Cuatrimestre/SAT/django/GameRank-Website_Django-Python_based_/actions-runner/.credentials_migrated'
[2026-03-18 16:32:28Z INFO ConfigurationStore] MigratedCredFilePath: /Users/noelito/Desktop/EIF3/2Cuatrimestre/SAT/django/GameRank-Website_Django-Python_based_/actions-runner/.credentials_migrated
[2026-03-18 16:32:28Z INFO HostContext] Well known directory 'Bin': '/Users/noelito/Desktop/EIF3/2Cuatrimestre/SAT/django/GameRank-Website_Django-Python_based_/actions-runner/bin'
[2026-03-18 16:32:28Z INFO HostContext] Well known directory 'Root': '/Users/noelito/Desktop/EIF3/2Cuatrimestre/SAT/django/GameRank-Website_Django-Python_based_/actions-runner'
[2026-03-18 16:32:28Z INFO HostContext] Well known config file 'Service': '/Users/noelito/Desktop/EIF3/2Cuatrimestre/SAT/django/GameRank-Website_Django-Python_based_/actions-runner/.service'
[2026-03-18 16:32:28Z INFO ConfigurationStore] ServiceConfigFilePath: /Users/noelito/Desktop/EIF3/2Cuatrimestre/SAT/django/GameRank-Website_Django-Python_based_/actions-runner/.service
[2026-03-18 16:32:28Z INFO CommandSettings] Flag 'help': 'False'
[2026-03-18 16:32:28Z INFO CommandSettings] Flag 'version': 'False'
[2026-03-18 16:32:28Z INFO CommandSettings] Flag 'commit': 'False'
[2026-03-18 16:32:28Z INFO CommandSettings] Flag 'check': 'False'
[2026-03-18 16:32:28Z INFO CommandSettings] Command 'configure': 'False'
[2026-03-18 16:32:28Z INFO CommandSettings] Command 'remove': 'False'
[2026-03-18 16:32:28Z INFO CommandSettings] Command 'warmup': 'False'
[2026-03-18 16:32:28Z INFO ConfigurationManager] LoadSettings
[2026-03-18 16:32:28Z INFO ConfigurationStore] IsConfigured()
[2026-03-18 16:32:28Z INFO ConfigurationStore] IsConfigured: True
[2026-03-18 16:32:28Z INFO ConfigurationManager] Is configured: True
[2026-03-18 16:32:28Z INFO ConfigurationStore] Read setting file: 417 chars
[2026-03-18 16:32:28Z INFO ConfigurationManager] Settings Loaded
[2026-03-18 16:32:28Z INFO ConfigurationStore] IsServiceConfigured()
[2026-03-18 16:32:28Z INFO ConfigurationStore] IsServiceConfigured: True
[2026-03-18 16:32:28Z INFO CommandSettings] Command 'run': 'True'
[2026-03-18 16:32:28Z INFO ConfigurationStore] IsConfigured()
[2026-03-18 16:32:28Z INFO ConfigurationStore] IsConfigured: True
[2026-03-18 16:32:28Z INFO ConfigurationManager] Is configured: True
[2026-03-18 16:32:28Z INFO Runner] Try determine runner startup type base on console redirects.
[2026-03-18 16:32:29Z INFO Runner] Set runner startup type - Manual
[2026-03-18 16:32:29Z INFO CommandSettings] Flag 'once': 'False'
[2026-03-18 16:32:29Z INFO CommandSettings] Flag 'once': 'False'
[2026-03-18 16:32:29Z INFO Runner] RunAsync
[2026-03-18 16:32:29Z INFO HostContext] Well known directory 'Bin': '/Users/noelito/Desktop/EIF3/2Cuatrimestre/SAT/django/GameRank-Website_Django-Python_based_/actions-runner/bin'
[2026-03-18 16:32:29Z INFO HostContext] Well known directory 'Root': '/Users/noelito/Desktop/EIF3/2Cuatrimestre/SAT/django/GameRank-Website_Django-Python_based_/actions-runner'
[2026-03-18 16:32:29Z INFO HostContext] Well known directory 'Work': '/Users/noelito/Desktop/EIF3/2Cuatrimestre/SAT/django/GameRank-Website_Django-Python_based_/actions-runner/_work'
[2026-03-18 16:32:29Z INFO Runner] Validating directory permissions for: '/Users/noelito/Desktop/EIF3/2Cuatrimestre/SAT/django/GameRank-Website_Django-Python_based_/actions-runner/_work'
[2026-03-18 16:32:29Z INFO ConfigurationManager] LoadMigratedSettings
[2026-03-18 16:32:29Z INFO ConfigurationStore] IsMigratedConfigured()
[2026-03-18 16:32:29Z INFO ConfigurationStore] IsMigratedConfigured: False
[2026-03-18 16:32:29Z INFO Runner] Failed to load migrated settings: No migrated configuration found.
[2026-03-18 16:32:29Z INFO Runner] Falling back to original .runner settings
[2026-03-18 16:32:29Z INFO Runner] Using BrokerMessageListener
[2026-03-18 16:32:29Z INFO BrokerMessageListener] Using provided settings
[2026-03-18 16:32:29Z INFO BrokerMessageListener] {
  "AgentId": 2,
  "AgentName": "gamerank-runner",
  "PoolId": 1,
  "PoolName": "Default",
  "ServerUrl": "https://pipelinesghubeus26.actions.githubusercontent.com/nfoVjZ2SEEcEdFuDLkb44ao6WYM3Z2vJ2FVbCxnVyJbq1WllR6/",
  "GitHubUrl": "https://github.com/nowelito28/GameRank-Website_Django-Python_based_",
  "WorkFolder": "_work",
  "UseV2Flow": true,
  "ServerUrlV2": "https://broker.actions.githubusercontent.com/"
}
[2026-03-18 16:32:29Z INFO BrokerMessageListener] Loading Credentials
[2026-03-18 16:32:29Z INFO ConfigurationStore] HasCredentials()
[2026-03-18 16:32:29Z INFO ConfigurationStore] stored True
[2026-03-18 16:32:29Z INFO CredentialManager] GetCredentialProvider
[2026-03-18 16:32:29Z INFO CredentialManager] Creating type OAuth
[2026-03-18 16:32:29Z INFO CredentialManager] Creating credential type: OAuth
[2026-03-18 16:32:29Z INFO HostContext] Well known directory 'Bin': '/Users/noelito/Desktop/EIF3/2Cuatrimestre/SAT/django/GameRank-Website_Django-Python_based_/actions-runner/bin'
[2026-03-18 16:32:29Z INFO HostContext] Well known directory 'Root': '/Users/noelito/Desktop/EIF3/2Cuatrimestre/SAT/django/GameRank-Website_Django-Python_based_/actions-runner'
[2026-03-18 16:32:29Z INFO HostContext] Well known config file 'RSACredentials': '/Users/noelito/Desktop/EIF3/2Cuatrimestre/SAT/django/GameRank-Website_Django-Python_based_/actions-runner/.credentials_rsaparams'
[2026-03-18 16:32:29Z INFO RSAFileKeyManager] Loading RSA key parameters from file /Users/noelito/Desktop/EIF3/2Cuatrimestre/SAT/django/GameRank-Website_Django-Python_based_/actions-runner/.credentials_rsaparams
[2026-03-18 16:32:29Z INFO BrokerMessageListener] Attempt to create session.
[2026-03-18 16:32:29Z INFO BrokerMessageListener] Connecting to the Broker Server...
[2026-03-18 16:32:29Z INFO ConfigurationStore] HasCredentials()
[2026-03-18 16:32:29Z INFO ConfigurationStore] stored True
[2026-03-18 16:32:29Z INFO CredentialManager] GetCredentialProvider
[2026-03-18 16:32:29Z INFO CredentialManager] Creating type OAuth
[2026-03-18 16:32:29Z INFO CredentialManager] Creating credential type: OAuth
[2026-03-18 16:32:29Z INFO RSAFileKeyManager] Loading RSA key parameters from file /Users/noelito/Desktop/EIF3/2Cuatrimestre/SAT/django/GameRank-Website_Django-Python_based_/actions-runner/.credentials_rsaparams
[2026-03-18 16:32:29Z INFO BrokerMessageListener] VssConnection created
[2026-03-18 16:32:29Z INFO BrokerMessageListener] Connecting to the Runner server...
[2026-03-18 16:32:29Z INFO RunnerServer] EstablishVssConnection
[2026-03-18 16:32:29Z INFO RunnerServer] Establish connection with 100 seconds timeout.
[2026-03-18 16:32:29Z INFO GitHubActionsService] Starting operation Location.GetConnectionData
[2026-03-18 16:32:29Z INFO RunnerServer] EstablishVssConnection
[2026-03-18 16:32:29Z INFO RunnerServer] Establish connection with 60 seconds timeout.
[2026-03-18 16:32:29Z INFO GitHubActionsService] Starting operation Location.GetConnectionData
[2026-03-18 16:32:29Z INFO RunnerServer] EstablishVssConnection
[2026-03-18 16:32:29Z INFO RunnerServer] Establish connection with 60 seconds timeout.
[2026-03-18 16:32:29Z INFO GitHubActionsService] Starting operation Location.GetConnectionData
[2026-03-18 16:32:29Z INFO GitHubActionsService] Finished operation Location.GetConnectionData
[2026-03-18 16:32:29Z INFO GitHubActionsService] Finished operation Location.GetConnectionData
[2026-03-18 16:32:29Z INFO GitHubActionsService] Finished operation Location.GetConnectionData
[2026-03-18 16:32:29Z INFO BrokerMessageListener] VssConnection created
[2026-03-18 16:32:29Z INFO Terminal] WRITE LINE: 
[2026-03-18 16:32:29Z INFO Terminal] WRITE LINE: 
[2026-03-18 16:32:29Z INFO RSAFileKeyManager] Loading RSA key parameters from file /Users/noelito/Desktop/EIF3/2Cuatrimestre/SAT/django/GameRank-Website_Django-Python_based_/actions-runner/.credentials_rsaparams
[2026-03-18 16:32:29Z INFO RSAFileKeyManager] Loading RSA key parameters from file /Users/noelito/Desktop/EIF3/2Cuatrimestre/SAT/django/GameRank-Website_Django-Python_based_/actions-runner/.credentials_rsaparams
[2026-03-18 16:32:30Z INFO GitHubActionsService] AAD Correlation ID for this token request: Unknown
[2026-03-18 16:32:30Z INFO BrokerMessageListener] Session created.
[2026-03-18 16:32:30Z INFO Terminal] WRITE LINE: Current runner version: '2.332.0'
[2026-03-18 16:32:30Z INFO Terminal] WRITE LINE: 2026-03-18 16:32:30Z: Listening for Jobs
[2026-03-18 16:32:30Z INFO JobDispatcher] Set runner/worker IPC timeout to 30 seconds.
[2026-03-18 16:32:31Z INFO BrokerMessageListener] Acknowledging runner request '6dc602af-b221-58fe-a3ae-4cf6e8feb9bf'.
[2026-03-18 16:32:32Z INFO ConfigurationStore] HasCredentials()
[2026-03-18 16:32:32Z INFO ConfigurationStore] stored True
[2026-03-18 16:32:32Z INFO CredentialManager] GetCredentialProvider
[2026-03-18 16:32:32Z INFO CredentialManager] Creating type OAuth
[2026-03-18 16:32:32Z INFO CredentialManager] Creating credential type: OAuth
[2026-03-18 16:32:32Z INFO RSAFileKeyManager] Loading RSA key parameters from file /Users/noelito/Desktop/EIF3/2Cuatrimestre/SAT/django/GameRank-Website_Django-Python_based_/actions-runner/.credentials_rsaparams
[2026-03-18 16:32:32Z INFO RSAFileKeyManager] Loading RSA key parameters from file /Users/noelito/Desktop/EIF3/2Cuatrimestre/SAT/django/GameRank-Website_Django-Python_based_/actions-runner/.credentials_rsaparams
[2026-03-18 16:32:32Z INFO RSAFileKeyManager] Loading RSA key parameters from file /Users/noelito/Desktop/EIF3/2Cuatrimestre/SAT/django/GameRank-Website_Django-Python_based_/actions-runner/.credentials_rsaparams
[2026-03-18 16:32:32Z INFO GitHubActionsService] AAD Correlation ID for this token request: Unknown
[2026-03-18 16:32:33Z INFO JobDispatcher] Job request 0 for plan 46d22768-682d-4d25-be60-19fcda77488b job 6dc602af-b221-58fe-a3ae-4cf6e8feb9bf received.
[2026-03-18 16:32:33Z INFO JobDispatcher] Pull OrchestrationId 46d22768-682d-4d25-be60-19fcda77488b.deploy-mac.__default from JWT claims
[2026-03-18 16:32:33Z INFO BrokerMessageListener] Received job status event. JobState: Busy
[2026-03-18 16:32:33Z INFO BrokerMessageListener] _getMessagesTokenSource is already disposed.
[2026-03-18 16:32:33Z INFO Terminal] WRITE LINE: 2026-03-18 16:32:33Z: Running job: deploy-mac
[2026-03-18 16:32:33Z INFO JobDispatcher] Start renew job request 0 for job 6dc602af-b221-58fe-a3ae-4cf6e8feb9bf.
[2026-03-18 16:32:34Z INFO JobDispatcher] Successfully renew job 6dc602af-b221-58fe-a3ae-4cf6e8feb9bf, job is valid till 3/18/2026 4:42:34 PM
[2026-03-18 16:32:34Z INFO HostContext] Well known directory 'Bin': '/Users/noelito/Desktop/EIF3/2Cuatrimestre/SAT/django/GameRank-Website_Django-Python_based_/actions-runner/bin'
[2026-03-18 16:32:34Z INFO ProcessInvokerWrapper] Starting process:
[2026-03-18 16:32:34Z INFO ProcessInvokerWrapper]   File name: '/Users/noelito/Desktop/EIF3/2Cuatrimestre/SAT/django/GameRank-Website_Django-Python_based_/actions-runner/bin/Runner.Worker'
[2026-03-18 16:32:34Z INFO ProcessInvokerWrapper]   Arguments: 'spawnclient 150 153'
[2026-03-18 16:32:34Z INFO ProcessInvokerWrapper]   Working directory: '/Users/noelito/Desktop/EIF3/2Cuatrimestre/SAT/django/GameRank-Website_Django-Python_based_/actions-runner/bin'
[2026-03-18 16:32:34Z INFO ProcessInvokerWrapper]   Require exit code zero: 'False'
[2026-03-18 16:32:34Z INFO ProcessInvokerWrapper]   Encoding web name:  ; code page: ''
[2026-03-18 16:32:34Z INFO ProcessInvokerWrapper]   Force kill process on cancellation: 'True'
[2026-03-18 16:32:34Z INFO ProcessInvokerWrapper]   Redirected STDIN: 'False'
[2026-03-18 16:32:34Z INFO ProcessInvokerWrapper]   Persist current code page: 'False'
[2026-03-18 16:32:34Z INFO ProcessInvokerWrapper]   Keep redirected STDIN open: 'False'
[2026-03-18 16:32:34Z INFO ProcessInvokerWrapper]   High priority process: 'True'
[2026-03-18 16:32:34Z INFO ProcessInvokerWrapper] Process started with process id 49551, waiting for process exit.
[2026-03-18 16:32:34Z INFO JobDispatcher] Send job request message to worker for job 6dc602af-b221-58fe-a3ae-4cf6e8feb9bf.
[2026-03-18 16:32:34Z INFO ProcessChannel] Sending message of length 25596, with hash 'f8906d7b6d008640adec89fd14b0743d8677df1d1b12606dcb9b2e121f857f82'
[2026-03-18 16:32:34Z INFO JobNotification] Entering JobStarted Notification
[2026-03-18 16:32:34Z INFO JobNotification] Entering StartMonitor
[2026-03-18 16:33:34Z INFO JobDispatcher] Successfully renew job 6dc602af-b221-58fe-a3ae-4cf6e8feb9bf, job is valid till 3/18/2026 4:43:34 PM
[2026-03-18 16:33:37Z INFO ProcessInvokerWrapper] STDOUT/STDERR stream read finished.
[2026-03-18 16:33:37Z INFO ProcessInvokerWrapper] STDOUT/STDERR stream read finished.
[2026-03-18 16:33:37Z INFO ProcessInvokerWrapper] Finished process 49551 with exit code 100, and elapsed time 00:01:03.0909545.
[2026-03-18 16:33:37Z INFO JobDispatcher] Worker finished for job 6dc602af-b221-58fe-a3ae-4cf6e8feb9bf. Code: 100
[2026-03-18 16:33:37Z INFO JobDispatcher] finish job request for job 6dc602af-b221-58fe-a3ae-4cf6e8feb9bf with result: Succeeded
[2026-03-18 16:33:37Z INFO Terminal] WRITE LINE: 2026-03-18 16:33:37Z: Job deploy-mac completed with result: Succeeded
[2026-03-18 16:33:37Z INFO JobDispatcher] Stop renew job request for job 6dc602af-b221-58fe-a3ae-4cf6e8feb9bf.
[2026-03-18 16:33:37Z INFO JobDispatcher] job renew has been cancelled, stop renew job 6dc602af-b221-58fe-a3ae-4cf6e8feb9bf.
[2026-03-18 16:33:37Z INFO JobNotification] Entering JobCompleted Notification
[2026-03-18 16:33:37Z INFO JobNotification] Entering EndMonitor
[2026-03-18 16:33:37Z INFO BrokerMessageListener] Received job status event. JobState: Online
[2026-03-18 16:33:37Z WARN GitHubActionsService] GET request to https://broker.actions.githubusercontent.com/message?sessionId=da2120f0-2a56-4cc1-8267-e7beff13f693&status=Busy&runnerVersion=2.332.0&os=macOS&architecture=ARM64&disableUpdate=false has been cancelled.
[2026-03-18 16:33:37Z ERR  BrokerServer] Catch exception during request
[2026-03-18 16:33:37Z ERR  BrokerServer] System.Threading.Tasks.TaskCanceledException: The operation was canceled.
 ---> System.Threading.Tasks.TaskCanceledException: The operation was canceled.
 ---> System.IO.IOException: Unable to read data from the transport connection: Operation canceled.
 ---> System.Net.Sockets.SocketException (89): Operation canceled
   --- End of inner exception stack trace ---
   at System.Net.Sockets.Socket.AwaitableSocketAsyncEventArgs.ThrowException(SocketError error, CancellationToken cancellationToken)
   at System.Net.Sockets.Socket.AwaitableSocketAsyncEventArgs.System.Threading.Tasks.Sources.IValueTaskSource<System.Int32>.GetResult(Int16 token)
   at System.Net.Security.SslStream.EnsureFullTlsFrameAsync[TIOAdapter](CancellationToken cancellationToken, Int32 estimatedSize)
   at System.Runtime.CompilerServices.PoolingAsyncValueTaskMethodBuilder`1.StateMachineBox`1.System.Threading.Tasks.Sources.IValueTaskSource<TResult>.GetResult(Int16 token)
   at System.Net.Security.SslStream.ReadAsyncInternal[TIOAdapter](Memory`1 buffer, CancellationToken cancellationToken)
   at System.Runtime.CompilerServices.PoolingAsyncValueTaskMethodBuilder`1.StateMachineBox`1.System.Threading.Tasks.Sources.IValueTaskSource<TResult>.GetResult(Int16 token)
   at System.Net.Http.HttpConnection.SendAsync(HttpRequestMessage request, Boolean async, CancellationToken cancellationToken)
   --- End of inner exception stack trace ---
   at System.Net.Http.HttpConnection.SendAsync(HttpRequestMessage request, Boolean async, CancellationToken cancellationToken)
   at System.Net.Http.AuthenticationHelper.SendWithNtAuthAsync(HttpRequestMessage request, Uri authUri, Boolean async, ICredentials credentials, Boolean isProxyAuth, HttpConnection connection, HttpConnectionPool connectionPool, CancellationToken cancellationToken)
   at System.Net.Http.HttpConnectionPool.SendWithVersionDetectionAndRetryAsync(HttpRequestMessage request, Boolean async, Boolean doRequestAuth, CancellationToken cancellationToken)
   at System.Net.Http.AuthenticationHelper.SendWithAuthAsync(HttpRequestMessage request, Uri authUri, Boolean async, ICredentials credentials, Boolean preAuthenticate, Boolean isProxyAuth, Boolean doRequestAuth, HttpConnectionPool pool, CancellationToken cancellationToken)
   at System.Net.Http.RedirectHandler.SendAsync(HttpRequestMessage request, Boolean async, CancellationToken cancellationToken)
   at GitHub.Services.Common.RawHttpMessageHandler.SendAsync(HttpRequestMessage request, CancellationToken cancellationToken)
   at GitHub.Services.Common.VssHttpRetryMessageHandler.SendAsync(HttpRequestMessage request, CancellationToken cancellationToken)
   at System.Net.Http.HttpClient.<SendAsync>g__Core|83_0(HttpRequestMessage request, HttpCompletionOption completionOption, CancellationTokenSource cts, Boolean disposeCts, CancellationTokenSource pendingRequestsCts, CancellationToken originalCancellationToken)
   --- End of inner exception stack trace ---
   at System.Net.Http.HttpClient.HandleFailure(Exception e, Boolean telemetryStarted, HttpResponseMessage response, CancellationTokenSource cts, CancellationToken cancellationToken, CancellationTokenSource pendingRequestsCts)
   at System.Net.Http.HttpClient.<SendAsync>g__Core|83_0(HttpRequestMessage request, HttpCompletionOption completionOption, CancellationTokenSource cts, Boolean disposeCts, CancellationTokenSource pendingRequestsCts, CancellationToken originalCancellationToken)
   at Sdk.WebApi.WebApi.RawHttpClientBase.SendAsync(HttpRequestMessage message, HttpCompletionOption completionOption, Object userState, CancellationToken cancellationToken)
   at Sdk.WebApi.WebApi.RawHttpClientBase.SendAsync[T](HttpRequestMessage message, Boolean readErrorBody, Object userState, CancellationToken cancellationToken)
   at Sdk.WebApi.WebApi.RawHttpClientBase.SendAsync[T](HttpMethod method, IEnumerable`1 additionalHeaders, Uri requestUri, HttpContent content, IEnumerable`1 queryParameters, Boolean readErrorBody, Object userState, CancellationToken cancellationToken)
   at GitHub.Actions.RunService.WebApi.BrokerHttpClient.GetRunnerMessageAsync(Nullable`1 sessionId, String runnerVersion, Nullable`1 status, String os, String architecture, Nullable`1 disableUpdate, CancellationToken cancellationToken)
   at GitHub.Runner.Common.BrokerServer.<>c__DisplayClass7_0.<<GetRunnerMessageAsync>b__0>d.MoveNext()
--- End of stack trace from previous location ---
   at GitHub.Runner.Common.RunnerService.RetryRequest[T](Func`1 func, CancellationToken cancellationToken, Int32 maxAttempts, Func`2 shouldRetry)
[2026-03-18 16:33:37Z ERR  BrokerServer] #####################################################
[2026-03-18 16:33:37Z ERR  BrokerServer] System.Threading.Tasks.TaskCanceledException: The operation was canceled.
 ---> System.IO.IOException: Unable to read data from the transport connection: Operation canceled.
 ---> System.Net.Sockets.SocketException (89): Operation canceled
   --- End of inner exception stack trace ---
   at System.Net.Sockets.Socket.AwaitableSocketAsyncEventArgs.ThrowException(SocketError error, CancellationToken cancellationToken)
   at System.Net.Sockets.Socket.AwaitableSocketAsyncEventArgs.System.Threading.Tasks.Sources.IValueTaskSource<System.Int32>.GetResult(Int16 token)
   at System.Net.Security.SslStream.EnsureFullTlsFrameAsync[TIOAdapter](CancellationToken cancellationToken, Int32 estimatedSize)
   at System.Runtime.CompilerServices.PoolingAsyncValueTaskMethodBuilder`1.StateMachineBox`1.System.Threading.Tasks.Sources.IValueTaskSource<TResult>.GetResult(Int16 token)
   at System.Net.Security.SslStream.ReadAsyncInternal[TIOAdapter](Memory`1 buffer, CancellationToken cancellationToken)
   at System.Runtime.CompilerServices.PoolingAsyncValueTaskMethodBuilder`1.StateMachineBox`1.System.Threading.Tasks.Sources.IValueTaskSource<TResult>.GetResult(Int16 token)
   at System.Net.Http.HttpConnection.SendAsync(HttpRequestMessage request, Boolean async, CancellationToken cancellationToken)
   --- End of inner exception stack trace ---
   at System.Net.Http.HttpConnection.SendAsync(HttpRequestMessage request, Boolean async, CancellationToken cancellationToken)
   at System.Net.Http.AuthenticationHelper.SendWithNtAuthAsync(HttpRequestMessage request, Uri authUri, Boolean async, ICredentials credentials, Boolean isProxyAuth, HttpConnection connection, HttpConnectionPool connectionPool, CancellationToken cancellationToken)
   at System.Net.Http.HttpConnectionPool.SendWithVersionDetectionAndRetryAsync(HttpRequestMessage request, Boolean async, Boolean doRequestAuth, CancellationToken cancellationToken)
   at System.Net.Http.AuthenticationHelper.SendWithAuthAsync(HttpRequestMessage request, Uri authUri, Boolean async, ICredentials credentials, Boolean preAuthenticate, Boolean isProxyAuth, Boolean doRequestAuth, HttpConnectionPool pool, CancellationToken cancellationToken)
   at System.Net.Http.RedirectHandler.SendAsync(HttpRequestMessage request, Boolean async, CancellationToken cancellationToken)
   at GitHub.Services.Common.RawHttpMessageHandler.SendAsync(HttpRequestMessage request, CancellationToken cancellationToken)
   at GitHub.Services.Common.VssHttpRetryMessageHandler.SendAsync(HttpRequestMessage request, CancellationToken cancellationToken)
   at System.Net.Http.HttpClient.<SendAsync>g__Core|83_0(HttpRequestMessage request, HttpCompletionOption completionOption, CancellationTokenSource cts, Boolean disposeCts, CancellationTokenSource pendingRequestsCts, CancellationToken originalCancellationToken)
[2026-03-18 16:33:37Z ERR  BrokerServer] #####################################################
[2026-03-18 16:33:37Z ERR  BrokerServer] System.IO.IOException: Unable to read data from the transport connection: Operation canceled.
 ---> System.Net.Sockets.SocketException (89): Operation canceled
   --- End of inner exception stack trace ---
   at System.Net.Sockets.Socket.AwaitableSocketAsyncEventArgs.ThrowException(SocketError error, CancellationToken cancellationToken)
   at System.Net.Sockets.Socket.AwaitableSocketAsyncEventArgs.System.Threading.Tasks.Sources.IValueTaskSource<System.Int32>.GetResult(Int16 token)
   at System.Net.Security.SslStream.EnsureFullTlsFrameAsync[TIOAdapter](CancellationToken cancellationToken, Int32 estimatedSize)
   at System.Runtime.CompilerServices.PoolingAsyncValueTaskMethodBuilder`1.StateMachineBox`1.System.Threading.Tasks.Sources.IValueTaskSource<TResult>.GetResult(Int16 token)
   at System.Net.Security.SslStream.ReadAsyncInternal[TIOAdapter](Memory`1 buffer, CancellationToken cancellationToken)
   at System.Runtime.CompilerServices.PoolingAsyncValueTaskMethodBuilder`1.StateMachineBox`1.System.Threading.Tasks.Sources.IValueTaskSource<TResult>.GetResult(Int16 token)
   at System.Net.Http.HttpConnection.SendAsync(HttpRequestMessage request, Boolean async, CancellationToken cancellationToken)
[2026-03-18 16:33:37Z ERR  BrokerServer] #####################################################
[2026-03-18 16:33:37Z ERR  BrokerServer] System.Net.Sockets.SocketException (89): Operation canceled
[2026-03-18 16:33:37Z WARN BrokerServer] Back off 14.713 seconds before next retry. 4 attempt left.
[2026-03-18 16:33:37Z INFO BrokerMessageListener] Get messages has been cancelled using local token source. Continue to get messages with new status.
[2026-03-18 16:36:08Z INFO Terminal] WRITE LINE: Exiting...
[2026-03-18 16:36:08Z INFO ConfigurationStore] IsServiceConfigured()
[2026-03-18 16:36:08Z INFO ConfigurationStore] IsServiceConfigured: False
[2026-03-18 16:36:08Z INFO HostContext] Runner will be shutdown for UserCancelled
[2026-03-18 16:36:08Z WARN GitHubActionsService] GET request to https://broker.actions.githubusercontent.com/message?sessionId=da2120f0-2a56-4cc1-8267-e7beff13f693&status=Online&runnerVersion=2.332.0&os=macOS&architecture=ARM64&disableUpdate=false has been cancelled.
[2026-03-18 16:36:08Z ERR  BrokerServer] Catch exception during request
[2026-03-18 16:36:08Z ERR  BrokerServer] System.Threading.Tasks.TaskCanceledException: The operation was canceled.
 ---> System.Threading.Tasks.TaskCanceledException: The operation was canceled.
 ---> System.IO.IOException: Unable to read data from the transport connection: Operation canceled.
 ---> System.Net.Sockets.SocketException (89): Operation canceled
   --- End of inner exception stack trace ---
   at System.Net.Sockets.Socket.AwaitableSocketAsyncEventArgs.ThrowException(SocketError error, CancellationToken cancellationToken)
   at System.Net.Sockets.Socket.AwaitableSocketAsyncEventArgs.System.Threading.Tasks.Sources.IValueTaskSource<System.Int32>.GetResult(Int16 token)
   at System.Net.Security.SslStream.EnsureFullTlsFrameAsync[TIOAdapter](CancellationToken cancellationToken, Int32 estimatedSize)
   at System.Runtime.CompilerServices.PoolingAsyncValueTaskMethodBuilder`1.StateMachineBox`1.System.Threading.Tasks.Sources.IValueTaskSource<TResult>.GetResult(Int16 token)
   at System.Net.Security.SslStream.ReadAsyncInternal[TIOAdapter](Memory`1 buffer, CancellationToken cancellationToken)
   at System.Runtime.CompilerServices.PoolingAsyncValueTaskMethodBuilder`1.StateMachineBox`1.System.Threading.Tasks.Sources.IValueTaskSource<TResult>.GetResult(Int16 token)
   at System.Net.Http.HttpConnection.SendAsync(HttpRequestMessage request, Boolean async, CancellationToken cancellationToken)
   --- End of inner exception stack trace ---
   at System.Net.Http.HttpConnection.SendAsync(HttpRequestMessage request, Boolean async, CancellationToken cancellationToken)
   at System.Net.Http.AuthenticationHelper.SendWithNtAuthAsync(HttpRequestMessage request, Uri authUri, Boolean async, ICredentials credentials, Boolean isProxyAuth, HttpConnection connection, HttpConnectionPool connectionPool, CancellationToken cancellationToken)
   at System.Net.Http.HttpConnectionPool.SendWithVersionDetectionAndRetryAsync(HttpRequestMessage request, Boolean async, Boolean doRequestAuth, CancellationToken cancellationToken)
   at System.Net.Http.AuthenticationHelper.SendWithAuthAsync(HttpRequestMessage request, Uri authUri, Boolean async, ICredentials credentials, Boolean preAuthenticate, Boolean isProxyAuth, Boolean doRequestAuth, HttpConnectionPool pool, CancellationToken cancellationToken)
   at System.Net.Http.RedirectHandler.SendAsync(HttpRequestMessage request, Boolean async, CancellationToken cancellationToken)
   at GitHub.Services.Common.RawHttpMessageHandler.SendAsync(HttpRequestMessage request, CancellationToken cancellationToken)
   at GitHub.Services.Common.VssHttpRetryMessageHandler.SendAsync(HttpRequestMessage request, CancellationToken cancellationToken)
   at System.Net.Http.HttpClient.<SendAsync>g__Core|83_0(HttpRequestMessage request, HttpCompletionOption completionOption, CancellationTokenSource cts, Boolean disposeCts, CancellationTokenSource pendingRequestsCts, CancellationToken originalCancellationToken)
   --- End of inner exception stack trace ---
   at System.Net.Http.HttpClient.HandleFailure(Exception e, Boolean telemetryStarted, HttpResponseMessage response, CancellationTokenSource cts, CancellationToken cancellationToken, CancellationTokenSource pendingRequestsCts)
   at System.Net.Http.HttpClient.<SendAsync>g__Core|83_0(HttpRequestMessage request, HttpCompletionOption completionOption, CancellationTokenSource cts, Boolean disposeCts, CancellationTokenSource pendingRequestsCts, CancellationToken originalCancellationToken)
   at Sdk.WebApi.WebApi.RawHttpClientBase.SendAsync(HttpRequestMessage message, HttpCompletionOption completionOption, Object userState, CancellationToken cancellationToken)
   at Sdk.WebApi.WebApi.RawHttpClientBase.SendAsync[T](HttpRequestMessage message, Boolean readErrorBody, Object userState, CancellationToken cancellationToken)
   at Sdk.WebApi.WebApi.RawHttpClientBase.SendAsync[T](HttpMethod method, IEnumerable`1 additionalHeaders, Uri requestUri, HttpContent content, IEnumerable`1 queryParameters, Boolean readErrorBody, Object userState, CancellationToken cancellationToken)
   at GitHub.Actions.RunService.WebApi.BrokerHttpClient.GetRunnerMessageAsync(Nullable`1 sessionId, String runnerVersion, Nullable`1 status, String os, String architecture, Nullable`1 disableUpdate, CancellationToken cancellationToken)
   at GitHub.Runner.Common.BrokerServer.<>c__DisplayClass7_0.<<GetRunnerMessageAsync>b__0>d.MoveNext()
--- End of stack trace from previous location ---
   at GitHub.Runner.Common.RunnerService.RetryRequest[T](Func`1 func, CancellationToken cancellationToken, Int32 maxAttempts, Func`2 shouldRetry)
[2026-03-18 16:36:08Z ERR  BrokerServer] #####################################################
[2026-03-18 16:36:08Z ERR  BrokerServer] System.Threading.Tasks.TaskCanceledException: The operation was canceled.
 ---> System.IO.IOException: Unable to read data from the transport connection: Operation canceled.
 ---> System.Net.Sockets.SocketException (89): Operation canceled
   --- End of inner exception stack trace ---
   at System.Net.Sockets.Socket.AwaitableSocketAsyncEventArgs.ThrowException(SocketError error, CancellationToken cancellationToken)
   at System.Net.Sockets.Socket.AwaitableSocketAsyncEventArgs.System.Threading.Tasks.Sources.IValueTaskSource<System.Int32>.GetResult(Int16 token)
   at System.Net.Security.SslStream.EnsureFullTlsFrameAsync[TIOAdapter](CancellationToken cancellationToken, Int32 estimatedSize)
   at System.Runtime.CompilerServices.PoolingAsyncValueTaskMethodBuilder`1.StateMachineBox`1.System.Threading.Tasks.Sources.IValueTaskSource<TResult>.GetResult(Int16 token)
   at System.Net.Security.SslStream.ReadAsyncInternal[TIOAdapter](Memory`1 buffer, CancellationToken cancellationToken)
   at System.Runtime.CompilerServices.PoolingAsyncValueTaskMethodBuilder`1.StateMachineBox`1.System.Threading.Tasks.Sources.IValueTaskSource<TResult>.GetResult(Int16 token)
   at System.Net.Http.HttpConnection.SendAsync(HttpRequestMessage request, Boolean async, CancellationToken cancellationToken)
   --- End of inner exception stack trace ---
   at System.Net.Http.HttpConnection.SendAsync(HttpRequestMessage request, Boolean async, CancellationToken cancellationToken)
   at System.Net.Http.AuthenticationHelper.SendWithNtAuthAsync(HttpRequestMessage request, Uri authUri, Boolean async, ICredentials credentials, Boolean isProxyAuth, HttpConnection connection, HttpConnectionPool connectionPool, CancellationToken cancellationToken)
   at System.Net.Http.HttpConnectionPool.SendWithVersionDetectionAndRetryAsync(HttpRequestMessage request, Boolean async, Boolean doRequestAuth, CancellationToken cancellationToken)
   at System.Net.Http.AuthenticationHelper.SendWithAuthAsync(HttpRequestMessage request, Uri authUri, Boolean async, ICredentials credentials, Boolean preAuthenticate, Boolean isProxyAuth, Boolean doRequestAuth, HttpConnectionPool pool, CancellationToken cancellationToken)
   at System.Net.Http.RedirectHandler.SendAsync(HttpRequestMessage request, Boolean async, CancellationToken cancellationToken)
   at GitHub.Services.Common.RawHttpMessageHandler.SendAsync(HttpRequestMessage request, CancellationToken cancellationToken)
   at GitHub.Services.Common.VssHttpRetryMessageHandler.SendAsync(HttpRequestMessage request, CancellationToken cancellationToken)
   at System.Net.Http.HttpClient.<SendAsync>g__Core|83_0(HttpRequestMessage request, HttpCompletionOption completionOption, CancellationTokenSource cts, Boolean disposeCts, CancellationTokenSource pendingRequestsCts, CancellationToken originalCancellationToken)
[2026-03-18 16:36:08Z ERR  BrokerServer] #####################################################
[2026-03-18 16:36:08Z ERR  BrokerServer] System.IO.IOException: Unable to read data from the transport connection: Operation canceled.
 ---> System.Net.Sockets.SocketException (89): Operation canceled
   --- End of inner exception stack trace ---
   at System.Net.Sockets.Socket.AwaitableSocketAsyncEventArgs.ThrowException(SocketError error, CancellationToken cancellationToken)
   at System.Net.Sockets.Socket.AwaitableSocketAsyncEventArgs.System.Threading.Tasks.Sources.IValueTaskSource<System.Int32>.GetResult(Int16 token)
   at System.Net.Security.SslStream.EnsureFullTlsFrameAsync[TIOAdapter](CancellationToken cancellationToken, Int32 estimatedSize)
   at System.Runtime.CompilerServices.PoolingAsyncValueTaskMethodBuilder`1.StateMachineBox`1.System.Threading.Tasks.Sources.IValueTaskSource<TResult>.GetResult(Int16 token)
   at System.Net.Security.SslStream.ReadAsyncInternal[TIOAdapter](Memory`1 buffer, CancellationToken cancellationToken)
   at System.Runtime.CompilerServices.PoolingAsyncValueTaskMethodBuilder`1.StateMachineBox`1.System.Threading.Tasks.Sources.IValueTaskSource<TResult>.GetResult(Int16 token)
   at System.Net.Http.HttpConnection.SendAsync(HttpRequestMessage request, Boolean async, CancellationToken cancellationToken)
[2026-03-18 16:36:08Z ERR  BrokerServer] #####################################################
[2026-03-18 16:36:08Z ERR  BrokerServer] System.Net.Sockets.SocketException (89): Operation canceled
[2026-03-18 16:36:08Z WARN BrokerServer] Back off 10.943 seconds before next retry. 4 attempt left.
[2026-03-18 16:36:08Z INFO BrokerMessageListener] Get next message has been cancelled.
[2026-03-18 16:36:08Z INFO JobDispatcher] Shutting down JobDispatcher. Make sure all WorkerDispatcher has finished.
[2026-03-18 16:36:08Z INFO JobDispatcher] Ensure WorkerDispatcher for job 6dc602af-b221-58fe-a3ae-4cf6e8feb9bf run to finish, cancel any running job.
[2026-03-18 16:36:08Z INFO JobDispatcher] Job request 6dc602af-b221-58fe-a3ae-4cf6e8feb9bf processed succeed.
[2026-03-18 16:36:08Z INFO Runner] Deleting Runner Session...
[2026-03-18 16:36:08Z INFO Listener] Runner execution been cancelled.
