[2026-03-19 10:27:01Z INFO HostContext] No proxy settings were found based on environmental variables (http_proxy/https_proxy/HTTP_PROXY/HTTPS_PROXY)
[2026-03-19 10:27:01Z INFO HostContext] Well known directory 'Bin': '/Users/noelito/Desktop/EIF3/2Cuatrimestre/SAT/django/GameRank-Website_Django-Python_based_/actions-runner/bin'
[2026-03-19 10:27:01Z INFO HostContext] Well known directory 'Root': '/Users/noelito/Desktop/EIF3/2Cuatrimestre/SAT/django/GameRank-Website_Django-Python_based_/actions-runner'
[2026-03-19 10:27:01Z INFO HostContext] Well known config file 'Credentials': '/Users/noelito/Desktop/EIF3/2Cuatrimestre/SAT/django/GameRank-Website_Django-Python_based_/actions-runner/.credentials'
[2026-03-19 10:27:01Z INFO HostContext] Well known directory 'Bin': '/Users/noelito/Desktop/EIF3/2Cuatrimestre/SAT/django/GameRank-Website_Django-Python_based_/actions-runner/bin'
[2026-03-19 10:27:01Z INFO HostContext] Well known directory 'Root': '/Users/noelito/Desktop/EIF3/2Cuatrimestre/SAT/django/GameRank-Website_Django-Python_based_/actions-runner'
[2026-03-19 10:27:01Z INFO HostContext] Well known config file 'Runner': '/Users/noelito/Desktop/EIF3/2Cuatrimestre/SAT/django/GameRank-Website_Django-Python_based_/actions-runner/.runner'
[2026-03-19 10:27:01Z INFO Listener] Runner is built for OSX (Arm64) - osx-arm64.
[2026-03-19 10:27:01Z INFO Listener] RuntimeInformation: Darwin 25.4.0 Darwin Kernel Version 25.4.0: Thu Mar  5 22:01:37 PST 2026; root:xnu-12377.101.14~18/RELEASE_ARM64_T8103.
[2026-03-19 10:27:01Z INFO Listener] Version: 2.332.0
[2026-03-19 10:27:01Z INFO Listener] Commit: a153d802ff96c51ac1b8d72dd8a38ebe830398fc
[2026-03-19 10:27:01Z INFO Listener] Culture: es-ES
[2026-03-19 10:27:01Z INFO Listener] UI Culture: es-ES
[2026-03-19 10:27:01Z INFO HostContext] Well known directory 'Bin': '/Users/noelito/Desktop/EIF3/2Cuatrimestre/SAT/django/GameRank-Website_Django-Python_based_/actions-runner/bin'
[2026-03-19 10:27:01Z INFO HostContext] Well known directory 'Root': '/Users/noelito/Desktop/EIF3/2Cuatrimestre/SAT/django/GameRank-Website_Django-Python_based_/actions-runner'
[2026-03-19 10:27:01Z INFO Listener] Validating directory permissions for: '/Users/noelito/Desktop/EIF3/2Cuatrimestre/SAT/django/GameRank-Website_Django-Python_based_/actions-runner'
[2026-03-19 10:27:01Z INFO CommandLineParser] Parse
[2026-03-19 10:27:01Z INFO CommandLineParser] Parsing 2 args
[2026-03-19 10:27:01Z INFO CommandLineParser] parsing argument
[2026-03-19 10:27:01Z INFO CommandLineParser] HasArgs: False
[2026-03-19 10:27:01Z INFO CommandLineParser] Adding Command: run
[2026-03-19 10:27:01Z INFO CommandLineParser] parsing argument
[2026-03-19 10:27:01Z INFO CommandLineParser] HasArgs: False
[2026-03-19 10:27:01Z INFO CommandLineParser] Adding Command: start
[2026-03-19 10:27:01Z INFO Listener] Arguments parsed
[2026-03-19 10:27:01Z INFO CommandSettings] Command 'configure': 'False'
[2026-03-19 10:27:01Z INFO CommandSettings] Command 'remove': 'False'
[2026-03-19 10:27:01Z INFO CommandSettings] Command 'run': 'True'
[2026-03-19 10:27:01Z ERR  Terminal] WRITE ERROR: Unrecognized command-line input arguments for command run: 'start'. For usage refer to: .\config.cmd --help or ./config.sh --help
[2026-03-19 10:27:01Z INFO Runner] ExecuteCommand
[2026-03-19 10:27:01Z INFO ConfigurationStore] currentAssemblyLocation: /Users/noelito/Desktop/EIF3/2Cuatrimestre/SAT/django/GameRank-Website_Django-Python_based_/actions-runner/bin/Runner.Listener.dll
[2026-03-19 10:27:01Z INFO HostContext] Well known directory 'Bin': '/Users/noelito/Desktop/EIF3/2Cuatrimestre/SAT/django/GameRank-Website_Django-Python_based_/actions-runner/bin'
[2026-03-19 10:27:01Z INFO ConfigurationStore] binPath: /Users/noelito/Desktop/EIF3/2Cuatrimestre/SAT/django/GameRank-Website_Django-Python_based_/actions-runner/bin
[2026-03-19 10:27:01Z INFO HostContext] Well known directory 'Bin': '/Users/noelito/Desktop/EIF3/2Cuatrimestre/SAT/django/GameRank-Website_Django-Python_based_/actions-runner/bin'
[2026-03-19 10:27:01Z INFO HostContext] Well known directory 'Root': '/Users/noelito/Desktop/EIF3/2Cuatrimestre/SAT/django/GameRank-Website_Django-Python_based_/actions-runner'
[2026-03-19 10:27:01Z INFO ConfigurationStore] RootFolder: /Users/noelito/Desktop/EIF3/2Cuatrimestre/SAT/django/GameRank-Website_Django-Python_based_/actions-runner
[2026-03-19 10:27:01Z INFO HostContext] Well known directory 'Bin': '/Users/noelito/Desktop/EIF3/2Cuatrimestre/SAT/django/GameRank-Website_Django-Python_based_/actions-runner/bin'
[2026-03-19 10:27:01Z INFO HostContext] Well known directory 'Root': '/Users/noelito/Desktop/EIF3/2Cuatrimestre/SAT/django/GameRank-Website_Django-Python_based_/actions-runner'
[2026-03-19 10:27:01Z INFO HostContext] Well known config file 'Runner': '/Users/noelito/Desktop/EIF3/2Cuatrimestre/SAT/django/GameRank-Website_Django-Python_based_/actions-runner/.runner'
[2026-03-19 10:27:01Z INFO ConfigurationStore] ConfigFilePath: /Users/noelito/Desktop/EIF3/2Cuatrimestre/SAT/django/GameRank-Website_Django-Python_based_/actions-runner/.runner
[2026-03-19 10:27:01Z INFO HostContext] Well known directory 'Bin': '/Users/noelito/Desktop/EIF3/2Cuatrimestre/SAT/django/GameRank-Website_Django-Python_based_/actions-runner/bin'
[2026-03-19 10:27:01Z INFO HostContext] Well known directory 'Root': '/Users/noelito/Desktop/EIF3/2Cuatrimestre/SAT/django/GameRank-Website_Django-Python_based_/actions-runner'
[2026-03-19 10:27:01Z INFO HostContext] Well known config file 'MigratedRunner': '/Users/noelito/Desktop/EIF3/2Cuatrimestre/SAT/django/GameRank-Website_Django-Python_based_/actions-runner/.runner_migrated'
[2026-03-19 10:27:01Z INFO ConfigurationStore] MigratedConfigFilePath: /Users/noelito/Desktop/EIF3/2Cuatrimestre/SAT/django/GameRank-Website_Django-Python_based_/actions-runner/.runner_migrated
[2026-03-19 10:27:01Z INFO HostContext] Well known directory 'Bin': '/Users/noelito/Desktop/EIF3/2Cuatrimestre/SAT/django/GameRank-Website_Django-Python_based_/actions-runner/bin'
[2026-03-19 10:27:01Z INFO HostContext] Well known directory 'Root': '/Users/noelito/Desktop/EIF3/2Cuatrimestre/SAT/django/GameRank-Website_Django-Python_based_/actions-runner'
[2026-03-19 10:27:01Z INFO HostContext] Well known config file 'Credentials': '/Users/noelito/Desktop/EIF3/2Cuatrimestre/SAT/django/GameRank-Website_Django-Python_based_/actions-runner/.credentials'
[2026-03-19 10:27:01Z INFO ConfigurationStore] CredFilePath: /Users/noelito/Desktop/EIF3/2Cuatrimestre/SAT/django/GameRank-Website_Django-Python_based_/actions-runner/.credentials
[2026-03-19 10:27:01Z INFO HostContext] Well known directory 'Bin': '/Users/noelito/Desktop/EIF3/2Cuatrimestre/SAT/django/GameRank-Website_Django-Python_based_/actions-runner/bin'
[2026-03-19 10:27:01Z INFO HostContext] Well known directory 'Root': '/Users/noelito/Desktop/EIF3/2Cuatrimestre/SAT/django/GameRank-Website_Django-Python_based_/actions-runner'
[2026-03-19 10:27:01Z INFO HostContext] Well known config file 'MigratedCredentials': '/Users/noelito/Desktop/EIF3/2Cuatrimestre/SAT/django/GameRank-Website_Django-Python_based_/actions-runner/.credentials_migrated'
[2026-03-19 10:27:01Z INFO ConfigurationStore] MigratedCredFilePath: /Users/noelito/Desktop/EIF3/2Cuatrimestre/SAT/django/GameRank-Website_Django-Python_based_/actions-runner/.credentials_migrated
[2026-03-19 10:27:01Z INFO HostContext] Well known directory 'Bin': '/Users/noelito/Desktop/EIF3/2Cuatrimestre/SAT/django/GameRank-Website_Django-Python_based_/actions-runner/bin'
[2026-03-19 10:27:01Z INFO HostContext] Well known directory 'Root': '/Users/noelito/Desktop/EIF3/2Cuatrimestre/SAT/django/GameRank-Website_Django-Python_based_/actions-runner'
[2026-03-19 10:27:01Z INFO HostContext] Well known config file 'Service': '/Users/noelito/Desktop/EIF3/2Cuatrimestre/SAT/django/GameRank-Website_Django-Python_based_/actions-runner/.service'
[2026-03-19 10:27:01Z INFO ConfigurationStore] ServiceConfigFilePath: /Users/noelito/Desktop/EIF3/2Cuatrimestre/SAT/django/GameRank-Website_Django-Python_based_/actions-runner/.service
[2026-03-19 10:27:01Z INFO CommandSettings] Flag 'help': 'False'
[2026-03-19 10:27:01Z INFO CommandSettings] Flag 'version': 'False'
[2026-03-19 10:27:01Z INFO CommandSettings] Flag 'commit': 'False'
[2026-03-19 10:27:01Z INFO CommandSettings] Flag 'check': 'False'
[2026-03-19 10:27:01Z INFO CommandSettings] Command 'configure': 'False'
[2026-03-19 10:27:01Z INFO CommandSettings] Command 'remove': 'False'
[2026-03-19 10:27:01Z INFO CommandSettings] Command 'warmup': 'False'
[2026-03-19 10:27:01Z INFO ConfigurationManager] LoadSettings
[2026-03-19 10:27:01Z INFO ConfigurationStore] IsConfigured()
[2026-03-19 10:27:01Z INFO ConfigurationStore] IsConfigured: True
[2026-03-19 10:27:01Z INFO ConfigurationManager] Is configured: True
[2026-03-19 10:27:01Z INFO ConfigurationStore] Read setting file: 417 chars
[2026-03-19 10:27:01Z INFO ConfigurationManager] Settings Loaded
[2026-03-19 10:27:01Z INFO ConfigurationStore] IsServiceConfigured()
[2026-03-19 10:27:01Z INFO ConfigurationStore] IsServiceConfigured: False
[2026-03-19 10:27:01Z INFO CommandSettings] Command 'run': 'True'
[2026-03-19 10:27:01Z INFO ConfigurationStore] IsConfigured()
[2026-03-19 10:27:01Z INFO ConfigurationStore] IsConfigured: True
[2026-03-19 10:27:01Z INFO ConfigurationManager] Is configured: True
[2026-03-19 10:27:01Z INFO Runner] Could not parse the argument value '' for StartupType. Defaulting to Manual
[2026-03-19 10:27:01Z INFO Runner] Set runner startup type - Manual
[2026-03-19 10:27:01Z INFO CommandSettings] Flag 'once': 'False'
[2026-03-19 10:27:01Z INFO CommandSettings] Flag 'once': 'False'
[2026-03-19 10:27:01Z INFO Runner] RunAsync
[2026-03-19 10:27:01Z INFO HostContext] Well known directory 'Bin': '/Users/noelito/Desktop/EIF3/2Cuatrimestre/SAT/django/GameRank-Website_Django-Python_based_/actions-runner/bin'
[2026-03-19 10:27:01Z INFO HostContext] Well known directory 'Root': '/Users/noelito/Desktop/EIF3/2Cuatrimestre/SAT/django/GameRank-Website_Django-Python_based_/actions-runner'
[2026-03-19 10:27:01Z INFO HostContext] Well known directory 'Work': '/Users/noelito/Desktop/EIF3/2Cuatrimestre/SAT/django/GameRank-Website_Django-Python_based_/actions-runner/_work'
[2026-03-19 10:27:01Z INFO Runner] Validating directory permissions for: '/Users/noelito/Desktop/EIF3/2Cuatrimestre/SAT/django/GameRank-Website_Django-Python_based_/actions-runner/_work'
[2026-03-19 10:27:01Z INFO ConfigurationManager] LoadMigratedSettings
[2026-03-19 10:27:01Z INFO ConfigurationStore] IsMigratedConfigured()
[2026-03-19 10:27:01Z INFO ConfigurationStore] IsMigratedConfigured: False
[2026-03-19 10:27:01Z INFO Runner] Failed to load migrated settings: No migrated configuration found.
[2026-03-19 10:27:01Z INFO Runner] Falling back to original .runner settings
[2026-03-19 10:27:01Z INFO Runner] Using BrokerMessageListener
[2026-03-19 10:27:01Z INFO BrokerMessageListener] Using provided settings
[2026-03-19 10:27:01Z INFO BrokerMessageListener] {
  "AgentId": 2,
  "AgentName": "gamerank-runner",
  "PoolId": 1,
  "PoolName": "Default",
  "ServerUrl": "https://pipelinesghubeus26.actions.githubusercontent.com/nfoVjZ2SEEcEdFuDLkb44ao6WYM3Z2vJ2FVbCxnVyJbq1WllR6/",
  "GitHubUrl": "https://github.com/nowelito28/GameRank-Website_Django-Python_based_",
  "WorkFolder": "_work",
  "UseV2Flow": true,
  "ServerUrlV2": "https://broker.actions.githubusercontent.com/"
}
[2026-03-19 10:27:01Z INFO BrokerMessageListener] Loading Credentials
[2026-03-19 10:27:01Z INFO ConfigurationStore] HasCredentials()
[2026-03-19 10:27:01Z INFO ConfigurationStore] stored True
[2026-03-19 10:27:01Z INFO CredentialManager] GetCredentialProvider
[2026-03-19 10:27:01Z INFO CredentialManager] Creating type OAuth
[2026-03-19 10:27:01Z INFO CredentialManager] Creating credential type: OAuth
[2026-03-19 10:27:01Z INFO HostContext] Well known directory 'Bin': '/Users/noelito/Desktop/EIF3/2Cuatrimestre/SAT/django/GameRank-Website_Django-Python_based_/actions-runner/bin'
[2026-03-19 10:27:01Z INFO HostContext] Well known directory 'Root': '/Users/noelito/Desktop/EIF3/2Cuatrimestre/SAT/django/GameRank-Website_Django-Python_based_/actions-runner'
[2026-03-19 10:27:01Z INFO HostContext] Well known config file 'RSACredentials': '/Users/noelito/Desktop/EIF3/2Cuatrimestre/SAT/django/GameRank-Website_Django-Python_based_/actions-runner/.credentials_rsaparams'
[2026-03-19 10:27:01Z INFO RSAFileKeyManager] Loading RSA key parameters from file /Users/noelito/Desktop/EIF3/2Cuatrimestre/SAT/django/GameRank-Website_Django-Python_based_/actions-runner/.credentials_rsaparams
[2026-03-19 10:27:01Z INFO BrokerMessageListener] Attempt to create session.
[2026-03-19 10:27:01Z INFO BrokerMessageListener] Connecting to the Broker Server...
[2026-03-19 10:27:01Z INFO ConfigurationStore] HasCredentials()
[2026-03-19 10:27:01Z INFO ConfigurationStore] stored True
[2026-03-19 10:27:01Z INFO CredentialManager] GetCredentialProvider
[2026-03-19 10:27:01Z INFO CredentialManager] Creating type OAuth
[2026-03-19 10:27:01Z INFO CredentialManager] Creating credential type: OAuth
[2026-03-19 10:27:01Z INFO RSAFileKeyManager] Loading RSA key parameters from file /Users/noelito/Desktop/EIF3/2Cuatrimestre/SAT/django/GameRank-Website_Django-Python_based_/actions-runner/.credentials_rsaparams
[2026-03-19 10:27:01Z INFO BrokerMessageListener] VssConnection created
[2026-03-19 10:27:01Z INFO BrokerMessageListener] Connecting to the Runner server...
[2026-03-19 10:27:01Z INFO RunnerServer] EstablishVssConnection
[2026-03-19 10:27:01Z INFO RunnerServer] Establish connection with 100 seconds timeout.
[2026-03-19 10:27:01Z INFO GitHubActionsService] Starting operation Location.GetConnectionData
[2026-03-19 10:27:01Z INFO RunnerServer] EstablishVssConnection
[2026-03-19 10:27:01Z INFO RunnerServer] Establish connection with 60 seconds timeout.
[2026-03-19 10:27:01Z INFO GitHubActionsService] Starting operation Location.GetConnectionData
[2026-03-19 10:27:01Z INFO RunnerServer] EstablishVssConnection
[2026-03-19 10:27:01Z INFO RunnerServer] Establish connection with 60 seconds timeout.
[2026-03-19 10:27:01Z INFO GitHubActionsService] Starting operation Location.GetConnectionData
[2026-03-19 10:27:02Z INFO GitHubActionsService] Finished operation Location.GetConnectionData
[2026-03-19 10:27:02Z INFO GitHubActionsService] Finished operation Location.GetConnectionData
[2026-03-19 10:27:02Z INFO GitHubActionsService] Finished operation Location.GetConnectionData
[2026-03-19 10:27:02Z INFO BrokerMessageListener] VssConnection created
[2026-03-19 10:27:02Z INFO Terminal] WRITE LINE: 
[2026-03-19 10:27:02Z INFO Terminal] WRITE LINE: 
[2026-03-19 10:27:02Z INFO RSAFileKeyManager] Loading RSA key parameters from file /Users/noelito/Desktop/EIF3/2Cuatrimestre/SAT/django/GameRank-Website_Django-Python_based_/actions-runner/.credentials_rsaparams
[2026-03-19 10:27:02Z INFO RSAFileKeyManager] Loading RSA key parameters from file /Users/noelito/Desktop/EIF3/2Cuatrimestre/SAT/django/GameRank-Website_Django-Python_based_/actions-runner/.credentials_rsaparams
[2026-03-19 10:27:02Z INFO GitHubActionsService] AAD Correlation ID for this token request: Unknown
[2026-03-19 10:27:03Z INFO BrokerMessageListener] Session created.
[2026-03-19 10:27:03Z INFO Terminal] WRITE LINE: Current runner version: '2.332.0'
[2026-03-19 10:27:03Z INFO Terminal] WRITE LINE: 2026-03-19 10:27:03Z: Listening for Jobs
[2026-03-19 10:27:03Z INFO JobDispatcher] Set runner/worker IPC timeout to 30 seconds.
[2026-03-19 10:27:25Z INFO BrokerMessageListener] Acknowledging runner request '56472d63-d4a5-5c7a-b13f-c7cb3be32ab5'.
[2026-03-19 10:27:25Z INFO ConfigurationStore] HasCredentials()
[2026-03-19 10:27:25Z INFO ConfigurationStore] stored True
[2026-03-19 10:27:25Z INFO CredentialManager] GetCredentialProvider
[2026-03-19 10:27:25Z INFO CredentialManager] Creating type OAuth
[2026-03-19 10:27:25Z INFO CredentialManager] Creating credential type: OAuth
[2026-03-19 10:27:25Z INFO RSAFileKeyManager] Loading RSA key parameters from file /Users/noelito/Desktop/EIF3/2Cuatrimestre/SAT/django/GameRank-Website_Django-Python_based_/actions-runner/.credentials_rsaparams
[2026-03-19 10:27:25Z INFO RSAFileKeyManager] Loading RSA key parameters from file /Users/noelito/Desktop/EIF3/2Cuatrimestre/SAT/django/GameRank-Website_Django-Python_based_/actions-runner/.credentials_rsaparams
[2026-03-19 10:27:25Z INFO RSAFileKeyManager] Loading RSA key parameters from file /Users/noelito/Desktop/EIF3/2Cuatrimestre/SAT/django/GameRank-Website_Django-Python_based_/actions-runner/.credentials_rsaparams
[2026-03-19 10:27:26Z INFO GitHubActionsService] AAD Correlation ID for this token request: Unknown
[2026-03-19 10:27:27Z INFO JobDispatcher] Job request 0 for plan dca499d6-f965-4bc6-893d-ac20365006a1 job 56472d63-d4a5-5c7a-b13f-c7cb3be32ab5 received.
[2026-03-19 10:27:27Z INFO JobDispatcher] Pull OrchestrationId dca499d6-f965-4bc6-893d-ac20365006a1.deploy-mac.__default from JWT claims
[2026-03-19 10:27:27Z INFO BrokerMessageListener] Received job status event. JobState: Busy
[2026-03-19 10:27:27Z INFO BrokerMessageListener] _getMessagesTokenSource is already disposed.
[2026-03-19 10:27:27Z INFO Terminal] WRITE LINE: 2026-03-19 10:27:27Z: Running job: deploy-mac
[2026-03-19 10:27:27Z INFO JobDispatcher] Start renew job request 0 for job 56472d63-d4a5-5c7a-b13f-c7cb3be32ab5.
[2026-03-19 10:27:27Z INFO JobDispatcher] Successfully renew job 56472d63-d4a5-5c7a-b13f-c7cb3be32ab5, job is valid till 19/3/2026 10:37:27
[2026-03-19 10:27:27Z INFO HostContext] Well known directory 'Bin': '/Users/noelito/Desktop/EIF3/2Cuatrimestre/SAT/django/GameRank-Website_Django-Python_based_/actions-runner/bin'
[2026-03-19 10:27:27Z INFO ProcessInvokerWrapper] Starting process:
[2026-03-19 10:27:27Z INFO ProcessInvokerWrapper]   File name: '/Users/noelito/Desktop/EIF3/2Cuatrimestre/SAT/django/GameRank-Website_Django-Python_based_/actions-runner/bin/Runner.Worker'
[2026-03-19 10:27:27Z INFO ProcessInvokerWrapper]   Arguments: 'spawnclient 151 154'
[2026-03-19 10:27:27Z INFO ProcessInvokerWrapper]   Working directory: '/Users/noelito/Desktop/EIF3/2Cuatrimestre/SAT/django/GameRank-Website_Django-Python_based_/actions-runner/bin'
[2026-03-19 10:27:27Z INFO ProcessInvokerWrapper]   Require exit code zero: 'False'
[2026-03-19 10:27:27Z INFO ProcessInvokerWrapper]   Encoding web name:  ; code page: ''
[2026-03-19 10:27:27Z INFO ProcessInvokerWrapper]   Force kill process on cancellation: 'True'
[2026-03-19 10:27:27Z INFO ProcessInvokerWrapper]   Redirected STDIN: 'False'
[2026-03-19 10:27:27Z INFO ProcessInvokerWrapper]   Persist current code page: 'False'
[2026-03-19 10:27:27Z INFO ProcessInvokerWrapper]   Keep redirected STDIN open: 'False'
[2026-03-19 10:27:27Z INFO ProcessInvokerWrapper]   High priority process: 'True'
[2026-03-19 10:27:28Z INFO ProcessInvokerWrapper] Process started with process id 7810, waiting for process exit.
[2026-03-19 10:27:28Z INFO JobDispatcher] Send job request message to worker for job 56472d63-d4a5-5c7a-b13f-c7cb3be32ab5.
[2026-03-19 10:27:28Z INFO ProcessChannel] Sending message of length 23723, with hash '929d019a4a1384eb2c263d6c6a4a4514056f09b3507a7d914bf6c1ad89569992'
[2026-03-19 10:27:28Z INFO JobNotification] Entering JobStarted Notification
[2026-03-19 10:27:28Z INFO JobNotification] Entering StartMonitor
[2026-03-19 10:28:28Z INFO JobDispatcher] Successfully renew job 56472d63-d4a5-5c7a-b13f-c7cb3be32ab5, job is valid till 19/3/2026 10:38:28
[2026-03-19 10:29:28Z INFO JobDispatcher] Successfully renew job 56472d63-d4a5-5c7a-b13f-c7cb3be32ab5, job is valid till 19/3/2026 10:39:28
[2026-03-19 10:30:28Z INFO JobDispatcher] Successfully renew job 56472d63-d4a5-5c7a-b13f-c7cb3be32ab5, job is valid till 19/3/2026 10:40:28
[2026-03-19 10:31:28Z INFO JobDispatcher] Successfully renew job 56472d63-d4a5-5c7a-b13f-c7cb3be32ab5, job is valid till 19/3/2026 10:41:28
[2026-03-19 10:32:29Z INFO JobDispatcher] Successfully renew job 56472d63-d4a5-5c7a-b13f-c7cb3be32ab5, job is valid till 19/3/2026 10:42:29
[2026-03-19 10:33:02Z INFO ProcessInvokerWrapper] STDOUT/STDERR stream read finished.
[2026-03-19 10:33:02Z INFO ProcessInvokerWrapper] STDOUT/STDERR stream read finished.
[2026-03-19 10:33:02Z INFO ProcessInvokerWrapper] Finished process 7810 with exit code 100, and elapsed time 00:05:34.8377567.
[2026-03-19 10:33:02Z INFO JobDispatcher] Worker finished for job 56472d63-d4a5-5c7a-b13f-c7cb3be32ab5. Code: 100
[2026-03-19 10:33:02Z INFO JobDispatcher] finish job request for job 56472d63-d4a5-5c7a-b13f-c7cb3be32ab5 with result: Succeeded
[2026-03-19 10:33:02Z INFO Terminal] WRITE LINE: 2026-03-19 10:33:02Z: Job deploy-mac completed with result: Succeeded
[2026-03-19 10:33:02Z INFO JobDispatcher] Stop renew job request for job 56472d63-d4a5-5c7a-b13f-c7cb3be32ab5.
[2026-03-19 10:33:02Z INFO JobDispatcher] job renew has been cancelled, stop renew job 56472d63-d4a5-5c7a-b13f-c7cb3be32ab5.
[2026-03-19 10:33:02Z INFO JobNotification] Entering JobCompleted Notification
[2026-03-19 10:33:02Z INFO JobNotification] Entering EndMonitor
[2026-03-19 10:33:02Z INFO BrokerMessageListener] Received job status event. JobState: Online
[2026-03-19 10:33:02Z WARN GitHubActionsService] GET request to https://broker.actions.githubusercontent.com/message?sessionId=97c0d595-6e9a-4b0c-aa2d-f52877768476&status=Busy&runnerVersion=2.332.0&os=macOS&architecture=ARM64&disableUpdate=false has been cancelled.
[2026-03-19 10:33:02Z ERR  BrokerServer] Catch exception during request
[2026-03-19 10:33:02Z ERR  BrokerServer] System.Threading.Tasks.TaskCanceledException: The operation was canceled.
 ---> System.Threading.Tasks.TaskCanceledException: The operation was canceled.
 ---> System.IO.IOException: Unable to read data from the transport connection: Operation canceled.
 ---> System.Net.Sockets.SocketException (89): Operation canceled
   --- End of inner exception stack trace ---
   at System.Net.Sockets.Socket.AwaitableSocketAsyncEventArgs.ThrowException(SocketError error, CancellationToken cancellationToken)
   at System.Net.Sockets.Socket.AwaitableSocketAsyncEventArgs.System.Threading.Tasks.Sources.IValueTaskSource<System.Int32>.GetResult(Int16 token)
   at System.Net.Security.SslStream.EnsureFullTlsFrameAsync[TIOAdapter](CancellationToken cancellationToken, Int32 estimatedSize)
   at System.Runtime.CompilerServices.PoolingAsyncValueTaskMethodBuilder`1.StateMachineBox`1.System.Threading.Tasks.Sources.IValueTaskSource<TResult>.GetResult(Int16 token)
   at System.Net.Security.SslStream.ReadAsyncInternal[TIOAdapter](Memory`1 buffer, CancellationToken cancellationToken)
   at System.Runtime.CompilerServices.PoolingAsyncValueTaskMethodBuilder`1.StateMachineBox`1.System.Threading.Tasks.Sources.IValueTaskSource<TResult>.GetResult(Int16 token)
   at System.Net.Http.HttpConnection.SendAsync(HttpRequestMessage request, Boolean async, CancellationToken cancellationToken)
   --- End of inner exception stack trace ---
   at System.Net.Http.HttpConnection.SendAsync(HttpRequestMessage request, Boolean async, CancellationToken cancellationToken)
   at System.Net.Http.AuthenticationHelper.SendWithNtAuthAsync(HttpRequestMessage request, Uri authUri, Boolean async, ICredentials credentials, Boolean isProxyAuth, HttpConnection connection, HttpConnectionPool connectionPool, CancellationToken cancellationToken)
   at System.Net.Http.HttpConnectionPool.SendWithVersionDetectionAndRetryAsync(HttpRequestMessage request, Boolean async, Boolean doRequestAuth, CancellationToken cancellationToken)
   at System.Net.Http.AuthenticationHelper.SendWithAuthAsync(HttpRequestMessage request, Uri authUri, Boolean async, ICredentials credentials, Boolean preAuthenticate, Boolean isProxyAuth, Boolean doRequestAuth, HttpConnectionPool pool, CancellationToken cancellationToken)
   at System.Net.Http.RedirectHandler.SendAsync(HttpRequestMessage request, Boolean async, CancellationToken cancellationToken)
   at GitHub.Services.Common.RawHttpMessageHandler.SendAsync(HttpRequestMessage request, CancellationToken cancellationToken)
   at GitHub.Services.Common.VssHttpRetryMessageHandler.SendAsync(HttpRequestMessage request, CancellationToken cancellationToken)
   at System.Net.Http.HttpClient.<SendAsync>g__Core|83_0(HttpRequestMessage request, HttpCompletionOption completionOption, CancellationTokenSource cts, Boolean disposeCts, CancellationTokenSource pendingRequestsCts, CancellationToken originalCancellationToken)
   --- End of inner exception stack trace ---
   at System.Net.Http.HttpClient.HandleFailure(Exception e, Boolean telemetryStarted, HttpResponseMessage response, CancellationTokenSource cts, CancellationToken cancellationToken, CancellationTokenSource pendingRequestsCts)
   at System.Net.Http.HttpClient.<SendAsync>g__Core|83_0(HttpRequestMessage request, HttpCompletionOption completionOption, CancellationTokenSource cts, Boolean disposeCts, CancellationTokenSource pendingRequestsCts, CancellationToken originalCancellationToken)
   at Sdk.WebApi.WebApi.RawHttpClientBase.SendAsync(HttpRequestMessage message, HttpCompletionOption completionOption, Object userState, CancellationToken cancellationToken)
   at Sdk.WebApi.WebApi.RawHttpClientBase.SendAsync[T](HttpRequestMessage message, Boolean readErrorBody, Object userState, CancellationToken cancellationToken)
   at Sdk.WebApi.WebApi.RawHttpClientBase.SendAsync[T](HttpMethod method, IEnumerable`1 additionalHeaders, Uri requestUri, HttpContent content, IEnumerable`1 queryParameters, Boolean readErrorBody, Object userState, CancellationToken cancellationToken)
   at GitHub.Actions.RunService.WebApi.BrokerHttpClient.GetRunnerMessageAsync(Nullable`1 sessionId, String runnerVersion, Nullable`1 status, String os, String architecture, Nullable`1 disableUpdate, CancellationToken cancellationToken)
   at GitHub.Runner.Common.BrokerServer.<>c__DisplayClass7_0.<<GetRunnerMessageAsync>b__0>d.MoveNext()
--- End of stack trace from previous location ---
   at GitHub.Runner.Common.RunnerService.RetryRequest[T](Func`1 func, CancellationToken cancellationToken, Int32 maxAttempts, Func`2 shouldRetry)
[2026-03-19 10:33:02Z ERR  BrokerServer] #####################################################
[2026-03-19 10:33:02Z ERR  BrokerServer] System.Threading.Tasks.TaskCanceledException: The operation was canceled.
 ---> System.IO.IOException: Unable to read data from the transport connection: Operation canceled.
 ---> System.Net.Sockets.SocketException (89): Operation canceled
   --- End of inner exception stack trace ---
   at System.Net.Sockets.Socket.AwaitableSocketAsyncEventArgs.ThrowException(SocketError error, CancellationToken cancellationToken)
   at System.Net.Sockets.Socket.AwaitableSocketAsyncEventArgs.System.Threading.Tasks.Sources.IValueTaskSource<System.Int32>.GetResult(Int16 token)
   at System.Net.Security.SslStream.EnsureFullTlsFrameAsync[TIOAdapter](CancellationToken cancellationToken, Int32 estimatedSize)
   at System.Runtime.CompilerServices.PoolingAsyncValueTaskMethodBuilder`1.StateMachineBox`1.System.Threading.Tasks.Sources.IValueTaskSource<TResult>.GetResult(Int16 token)
   at System.Net.Security.SslStream.ReadAsyncInternal[TIOAdapter](Memory`1 buffer, CancellationToken cancellationToken)
   at System.Runtime.CompilerServices.PoolingAsyncValueTaskMethodBuilder`1.StateMachineBox`1.System.Threading.Tasks.Sources.IValueTaskSource<TResult>.GetResult(Int16 token)
   at System.Net.Http.HttpConnection.SendAsync(HttpRequestMessage request, Boolean async, CancellationToken cancellationToken)
   --- End of inner exception stack trace ---
   at System.Net.Http.HttpConnection.SendAsync(HttpRequestMessage request, Boolean async, CancellationToken cancellationToken)
   at System.Net.Http.AuthenticationHelper.SendWithNtAuthAsync(HttpRequestMessage request, Uri authUri, Boolean async, ICredentials credentials, Boolean isProxyAuth, HttpConnection connection, HttpConnectionPool connectionPool, CancellationToken cancellationToken)
   at System.Net.Http.HttpConnectionPool.SendWithVersionDetectionAndRetryAsync(HttpRequestMessage request, Boolean async, Boolean doRequestAuth, CancellationToken cancellationToken)
   at System.Net.Http.AuthenticationHelper.SendWithAuthAsync(HttpRequestMessage request, Uri authUri, Boolean async, ICredentials credentials, Boolean preAuthenticate, Boolean isProxyAuth, Boolean doRequestAuth, HttpConnectionPool pool, CancellationToken cancellationToken)
   at System.Net.Http.RedirectHandler.SendAsync(HttpRequestMessage request, Boolean async, CancellationToken cancellationToken)
   at GitHub.Services.Common.RawHttpMessageHandler.SendAsync(HttpRequestMessage request, CancellationToken cancellationToken)
   at GitHub.Services.Common.VssHttpRetryMessageHandler.SendAsync(HttpRequestMessage request, CancellationToken cancellationToken)
   at System.Net.Http.HttpClient.<SendAsync>g__Core|83_0(HttpRequestMessage request, HttpCompletionOption completionOption, CancellationTokenSource cts, Boolean disposeCts, CancellationTokenSource pendingRequestsCts, CancellationToken originalCancellationToken)
[2026-03-19 10:33:02Z ERR  BrokerServer] #####################################################
[2026-03-19 10:33:02Z ERR  BrokerServer] System.IO.IOException: Unable to read data from the transport connection: Operation canceled.
 ---> System.Net.Sockets.SocketException (89): Operation canceled
   --- End of inner exception stack trace ---
   at System.Net.Sockets.Socket.AwaitableSocketAsyncEventArgs.ThrowException(SocketError error, CancellationToken cancellationToken)
   at System.Net.Sockets.Socket.AwaitableSocketAsyncEventArgs.System.Threading.Tasks.Sources.IValueTaskSource<System.Int32>.GetResult(Int16 token)
   at System.Net.Security.SslStream.EnsureFullTlsFrameAsync[TIOAdapter](CancellationToken cancellationToken, Int32 estimatedSize)
   at System.Runtime.CompilerServices.PoolingAsyncValueTaskMethodBuilder`1.StateMachineBox`1.System.Threading.Tasks.Sources.IValueTaskSource<TResult>.GetResult(Int16 token)
   at System.Net.Security.SslStream.ReadAsyncInternal[TIOAdapter](Memory`1 buffer, CancellationToken cancellationToken)
   at System.Runtime.CompilerServices.PoolingAsyncValueTaskMethodBuilder`1.StateMachineBox`1.System.Threading.Tasks.Sources.IValueTaskSource<TResult>.GetResult(Int16 token)
   at System.Net.Http.HttpConnection.SendAsync(HttpRequestMessage request, Boolean async, CancellationToken cancellationToken)
[2026-03-19 10:33:02Z ERR  BrokerServer] #####################################################
[2026-03-19 10:33:02Z ERR  BrokerServer] System.Net.Sockets.SocketException (89): Operation canceled
[2026-03-19 10:33:02Z WARN BrokerServer] Back off 11,739 seconds before next retry. 4 attempt left.
[2026-03-19 10:33:02Z INFO BrokerMessageListener] Get messages has been cancelled using local token source. Continue to get messages with new status.
[2026-03-19 10:51:55Z INFO BrokerMessageListener] Acknowledging runner request '7d55692c-ceee-5ee0-a19d-4b52c9ae58a6'.
[2026-03-19 10:51:55Z INFO ConfigurationStore] HasCredentials()
[2026-03-19 10:51:55Z INFO ConfigurationStore] stored True
[2026-03-19 10:51:55Z INFO CredentialManager] GetCredentialProvider
[2026-03-19 10:51:55Z INFO CredentialManager] Creating type OAuth
[2026-03-19 10:51:55Z INFO CredentialManager] Creating credential type: OAuth
[2026-03-19 10:51:55Z INFO RSAFileKeyManager] Loading RSA key parameters from file /Users/noelito/Desktop/EIF3/2Cuatrimestre/SAT/django/GameRank-Website_Django-Python_based_/actions-runner/.credentials_rsaparams
[2026-03-19 10:51:55Z INFO RSAFileKeyManager] Loading RSA key parameters from file /Users/noelito/Desktop/EIF3/2Cuatrimestre/SAT/django/GameRank-Website_Django-Python_based_/actions-runner/.credentials_rsaparams
[2026-03-19 10:51:55Z INFO RSAFileKeyManager] Loading RSA key parameters from file /Users/noelito/Desktop/EIF3/2Cuatrimestre/SAT/django/GameRank-Website_Django-Python_based_/actions-runner/.credentials_rsaparams
[2026-03-19 10:51:56Z INFO GitHubActionsService] AAD Correlation ID for this token request: Unknown
[2026-03-19 10:51:57Z INFO JobDispatcher] Job request 0 for plan f0a9b0b0-16c2-4038-8d0c-8846daf900cc job 7d55692c-ceee-5ee0-a19d-4b52c9ae58a6 received.
[2026-03-19 10:51:57Z INFO JobDispatcher] Pull OrchestrationId f0a9b0b0-16c2-4038-8d0c-8846daf900cc.deploy-mac.__default from JWT claims
[2026-03-19 10:51:57Z INFO BrokerMessageListener] Received job status event. JobState: Busy
[2026-03-19 10:51:57Z INFO BrokerMessageListener] _getMessagesTokenSource is already disposed.
[2026-03-19 10:51:57Z INFO JobDispatcher] Job request 56472d63-d4a5-5c7a-b13f-c7cb3be32ab5 processed succeed.
[2026-03-19 10:51:57Z INFO Terminal] WRITE LINE: 2026-03-19 10:51:57Z: Running job: deploy-mac
[2026-03-19 10:51:57Z INFO JobDispatcher] Start renew job request 0 for job 7d55692c-ceee-5ee0-a19d-4b52c9ae58a6.
[2026-03-19 10:51:57Z INFO JobDispatcher] Successfully renew job 7d55692c-ceee-5ee0-a19d-4b52c9ae58a6, job is valid till 19/3/2026 11:01:57
[2026-03-19 10:51:57Z INFO HostContext] Well known directory 'Bin': '/Users/noelito/Desktop/EIF3/2Cuatrimestre/SAT/django/GameRank-Website_Django-Python_based_/actions-runner/bin'
[2026-03-19 10:51:57Z INFO ProcessInvokerWrapper] Starting process:
[2026-03-19 10:51:57Z INFO ProcessInvokerWrapper]   File name: '/Users/noelito/Desktop/EIF3/2Cuatrimestre/SAT/django/GameRank-Website_Django-Python_based_/actions-runner/bin/Runner.Worker'
[2026-03-19 10:51:57Z INFO ProcessInvokerWrapper]   Arguments: 'spawnclient 156 159'
[2026-03-19 10:51:57Z INFO ProcessInvokerWrapper]   Working directory: '/Users/noelito/Desktop/EIF3/2Cuatrimestre/SAT/django/GameRank-Website_Django-Python_based_/actions-runner/bin'
[2026-03-19 10:51:57Z INFO ProcessInvokerWrapper]   Require exit code zero: 'False'
[2026-03-19 10:51:57Z INFO ProcessInvokerWrapper]   Encoding web name:  ; code page: ''
[2026-03-19 10:51:57Z INFO ProcessInvokerWrapper]   Force kill process on cancellation: 'True'
[2026-03-19 10:51:57Z INFO ProcessInvokerWrapper]   Redirected STDIN: 'False'
[2026-03-19 10:51:57Z INFO ProcessInvokerWrapper]   Persist current code page: 'False'
[2026-03-19 10:51:57Z INFO ProcessInvokerWrapper]   Keep redirected STDIN open: 'False'
[2026-03-19 10:51:57Z INFO ProcessInvokerWrapper]   High priority process: 'True'
[2026-03-19 10:51:58Z INFO ProcessInvokerWrapper] Process started with process id 9441, waiting for process exit.
[2026-03-19 10:51:58Z INFO JobDispatcher] Send job request message to worker for job 7d55692c-ceee-5ee0-a19d-4b52c9ae58a6.
[2026-03-19 10:51:58Z INFO ProcessChannel] Sending message of length 25843, with hash '9b21282b6c6fd44b589a609c76e5c231aadfd1f5a9572cb5174f5ee0f1f2d530'
[2026-03-19 10:51:58Z INFO JobNotification] Entering JobStarted Notification
[2026-03-19 10:51:58Z INFO JobNotification] Entering StartMonitor
[2026-03-19 10:52:58Z INFO JobDispatcher] Successfully renew job 7d55692c-ceee-5ee0-a19d-4b52c9ae58a6, job is valid till 19/3/2026 11:02:58
[2026-03-19 10:53:58Z INFO JobDispatcher] Successfully renew job 7d55692c-ceee-5ee0-a19d-4b52c9ae58a6, job is valid till 19/3/2026 11:03:58
[2026-03-19 10:54:58Z INFO JobDispatcher] Successfully renew job 7d55692c-ceee-5ee0-a19d-4b52c9ae58a6, job is valid till 19/3/2026 11:04:58
[2026-03-19 10:55:58Z INFO JobDispatcher] Successfully renew job 7d55692c-ceee-5ee0-a19d-4b52c9ae58a6, job is valid till 19/3/2026 11:05:58
[2026-03-19 10:56:58Z INFO JobDispatcher] Successfully renew job 7d55692c-ceee-5ee0-a19d-4b52c9ae58a6, job is valid till 19/3/2026 11:06:58
[2026-03-19 10:57:00Z INFO ProcessInvokerWrapper] STDOUT/STDERR stream read finished.
[2026-03-19 10:57:00Z INFO ProcessInvokerWrapper] STDOUT/STDERR stream read finished.
[2026-03-19 10:57:00Z INFO ProcessInvokerWrapper] Finished process 9441 with exit code 100, and elapsed time 00:05:02.7822741.
[2026-03-19 10:57:00Z INFO JobDispatcher] Worker finished for job 7d55692c-ceee-5ee0-a19d-4b52c9ae58a6. Code: 100
[2026-03-19 10:57:00Z INFO JobDispatcher] finish job request for job 7d55692c-ceee-5ee0-a19d-4b52c9ae58a6 with result: Succeeded
[2026-03-19 10:57:00Z INFO Terminal] WRITE LINE: 2026-03-19 10:57:00Z: Job deploy-mac completed with result: Succeeded
[2026-03-19 10:57:00Z INFO JobDispatcher] Stop renew job request for job 7d55692c-ceee-5ee0-a19d-4b52c9ae58a6.
[2026-03-19 10:57:00Z INFO JobDispatcher] job renew has been cancelled, stop renew job 7d55692c-ceee-5ee0-a19d-4b52c9ae58a6.
[2026-03-19 10:57:00Z INFO JobNotification] Entering JobCompleted Notification
[2026-03-19 10:57:00Z INFO JobNotification] Entering EndMonitor
[2026-03-19 10:57:00Z INFO BrokerMessageListener] Received job status event. JobState: Online
[2026-03-19 10:57:00Z WARN GitHubActionsService] GET request to https://broker.actions.githubusercontent.com/message?sessionId=97c0d595-6e9a-4b0c-aa2d-f52877768476&status=Busy&runnerVersion=2.332.0&os=macOS&architecture=ARM64&disableUpdate=false has been cancelled.
[2026-03-19 10:57:00Z ERR  BrokerServer] Catch exception during request
[2026-03-19 10:57:00Z ERR  BrokerServer] System.Threading.Tasks.TaskCanceledException: The operation was canceled.
 ---> System.Threading.Tasks.TaskCanceledException: The operation was canceled.
 ---> System.IO.IOException: Unable to read data from the transport connection: Operation canceled.
 ---> System.Net.Sockets.SocketException (89): Operation canceled
   --- End of inner exception stack trace ---
   at System.Net.Sockets.Socket.AwaitableSocketAsyncEventArgs.System.Threading.Tasks.Sources.IValueTaskSource<System.Int32>.GetResult(Int16 token)
   at System.Net.Security.SslStream.EnsureFullTlsFrameAsync[TIOAdapter](CancellationToken cancellationToken, Int32 estimatedSize)
   at System.Runtime.CompilerServices.PoolingAsyncValueTaskMethodBuilder`1.StateMachineBox`1.System.Threading.Tasks.Sources.IValueTaskSource<TResult>.GetResult(Int16 token)
   at System.Net.Security.SslStream.ReadAsyncInternal[TIOAdapter](Memory`1 buffer, CancellationToken cancellationToken)
   at System.Runtime.CompilerServices.PoolingAsyncValueTaskMethodBuilder`1.StateMachineBox`1.System.Threading.Tasks.Sources.IValueTaskSource<TResult>.GetResult(Int16 token)
   at System.Net.Http.HttpConnection.SendAsync(HttpRequestMessage request, Boolean async, CancellationToken cancellationToken)
   --- End of inner exception stack trace ---
   at System.Net.Http.HttpConnection.SendAsync(HttpRequestMessage request, Boolean async, CancellationToken cancellationToken)
   at System.Net.Http.AuthenticationHelper.SendWithNtAuthAsync(HttpRequestMessage request, Uri authUri, Boolean async, ICredentials credentials, Boolean isProxyAuth, HttpConnection connection, HttpConnectionPool connectionPool, CancellationToken cancellationToken)
   at System.Net.Http.HttpConnectionPool.SendWithVersionDetectionAndRetryAsync(HttpRequestMessage request, Boolean async, Boolean doRequestAuth, CancellationToken cancellationToken)
   at System.Net.Http.AuthenticationHelper.SendWithAuthAsync(HttpRequestMessage request, Uri authUri, Boolean async, ICredentials credentials, Boolean preAuthenticate, Boolean isProxyAuth, Boolean doRequestAuth, HttpConnectionPool pool, CancellationToken cancellationToken)
   at System.Net.Http.RedirectHandler.SendAsync(HttpRequestMessage request, Boolean async, CancellationToken cancellationToken)
   at GitHub.Services.Common.RawHttpMessageHandler.SendAsync(HttpRequestMessage request, CancellationToken cancellationToken)
   at GitHub.Services.Common.VssHttpRetryMessageHandler.SendAsync(HttpRequestMessage request, CancellationToken cancellationToken)
   at System.Net.Http.HttpClient.<SendAsync>g__Core|83_0(HttpRequestMessage request, HttpCompletionOption completionOption, CancellationTokenSource cts, Boolean disposeCts, CancellationTokenSource pendingRequestsCts, CancellationToken originalCancellationToken)
   --- End of inner exception stack trace ---
   at System.Net.Http.HttpClient.HandleFailure(Exception e, Boolean telemetryStarted, HttpResponseMessage response, CancellationTokenSource cts, CancellationToken cancellationToken, CancellationTokenSource pendingRequestsCts)
   at System.Net.Http.HttpClient.<SendAsync>g__Core|83_0(HttpRequestMessage request, HttpCompletionOption completionOption, CancellationTokenSource cts, Boolean disposeCts, CancellationTokenSource pendingRequestsCts, CancellationToken originalCancellationToken)
   at Sdk.WebApi.WebApi.RawHttpClientBase.SendAsync(HttpRequestMessage message, HttpCompletionOption completionOption, Object userState, CancellationToken cancellationToken)
   at Sdk.WebApi.WebApi.RawHttpClientBase.SendAsync[T](HttpRequestMessage message, Boolean readErrorBody, Object userState, CancellationToken cancellationToken)
   at Sdk.WebApi.WebApi.RawHttpClientBase.SendAsync[T](HttpMethod method, IEnumerable`1 additionalHeaders, Uri requestUri, HttpContent content, IEnumerable`1 queryParameters, Boolean readErrorBody, Object userState, CancellationToken cancellationToken)
   at GitHub.Actions.RunService.WebApi.BrokerHttpClient.GetRunnerMessageAsync(Nullable`1 sessionId, String runnerVersion, Nullable`1 status, String os, String architecture, Nullable`1 disableUpdate, CancellationToken cancellationToken)
   at GitHub.Runner.Common.BrokerServer.<>c__DisplayClass7_0.<<GetRunnerMessageAsync>b__0>d.MoveNext()
--- End of stack trace from previous location ---
   at GitHub.Runner.Common.RunnerService.RetryRequest[T](Func`1 func, CancellationToken cancellationToken, Int32 maxAttempts, Func`2 shouldRetry)
[2026-03-19 10:57:00Z ERR  BrokerServer] #####################################################
[2026-03-19 10:57:00Z ERR  BrokerServer] System.Threading.Tasks.TaskCanceledException: The operation was canceled.
 ---> System.IO.IOException: Unable to read data from the transport connection: Operation canceled.
 ---> System.Net.Sockets.SocketException (89): Operation canceled
   --- End of inner exception stack trace ---
   at System.Net.Sockets.Socket.AwaitableSocketAsyncEventArgs.System.Threading.Tasks.Sources.IValueTaskSource<System.Int32>.GetResult(Int16 token)
   at System.Net.Security.SslStream.EnsureFullTlsFrameAsync[TIOAdapter](CancellationToken cancellationToken, Int32 estimatedSize)
   at System.Runtime.CompilerServices.PoolingAsyncValueTaskMethodBuilder`1.StateMachineBox`1.System.Threading.Tasks.Sources.IValueTaskSource<TResult>.GetResult(Int16 token)
   at System.Net.Security.SslStream.ReadAsyncInternal[TIOAdapter](Memory`1 buffer, CancellationToken cancellationToken)
   at System.Runtime.CompilerServices.PoolingAsyncValueTaskMethodBuilder`1.StateMachineBox`1.System.Threading.Tasks.Sources.IValueTaskSource<TResult>.GetResult(Int16 token)
   at System.Net.Http.HttpConnection.SendAsync(HttpRequestMessage request, Boolean async, CancellationToken cancellationToken)
   --- End of inner exception stack trace ---
   at System.Net.Http.HttpConnection.SendAsync(HttpRequestMessage request, Boolean async, CancellationToken cancellationToken)
   at System.Net.Http.AuthenticationHelper.SendWithNtAuthAsync(HttpRequestMessage request, Uri authUri, Boolean async, ICredentials credentials, Boolean isProxyAuth, HttpConnection connection, HttpConnectionPool connectionPool, CancellationToken cancellationToken)
   at System.Net.Http.HttpConnectionPool.SendWithVersionDetectionAndRetryAsync(HttpRequestMessage request, Boolean async, Boolean doRequestAuth, CancellationToken cancellationToken)
   at System.Net.Http.AuthenticationHelper.SendWithAuthAsync(HttpRequestMessage request, Uri authUri, Boolean async, ICredentials credentials, Boolean preAuthenticate, Boolean isProxyAuth, Boolean doRequestAuth, HttpConnectionPool pool, CancellationToken cancellationToken)
   at System.Net.Http.RedirectHandler.SendAsync(HttpRequestMessage request, Boolean async, CancellationToken cancellationToken)
   at GitHub.Services.Common.RawHttpMessageHandler.SendAsync(HttpRequestMessage request, CancellationToken cancellationToken)
   at GitHub.Services.Common.VssHttpRetryMessageHandler.SendAsync(HttpRequestMessage request, CancellationToken cancellationToken)
   at System.Net.Http.HttpClient.<SendAsync>g__Core|83_0(HttpRequestMessage request, HttpCompletionOption completionOption, CancellationTokenSource cts, Boolean disposeCts, CancellationTokenSource pendingRequestsCts, CancellationToken originalCancellationToken)
[2026-03-19 10:57:00Z ERR  BrokerServer] #####################################################
[2026-03-19 10:57:00Z ERR  BrokerServer] System.IO.IOException: Unable to read data from the transport connection: Operation canceled.
 ---> System.Net.Sockets.SocketException (89): Operation canceled
   --- End of inner exception stack trace ---
   at System.Net.Sockets.Socket.AwaitableSocketAsyncEventArgs.System.Threading.Tasks.Sources.IValueTaskSource<System.Int32>.GetResult(Int16 token)
   at System.Net.Security.SslStream.EnsureFullTlsFrameAsync[TIOAdapter](CancellationToken cancellationToken, Int32 estimatedSize)
   at System.Runtime.CompilerServices.PoolingAsyncValueTaskMethodBuilder`1.StateMachineBox`1.System.Threading.Tasks.Sources.IValueTaskSource<TResult>.GetResult(Int16 token)
   at System.Net.Security.SslStream.ReadAsyncInternal[TIOAdapter](Memory`1 buffer, CancellationToken cancellationToken)
   at System.Runtime.CompilerServices.PoolingAsyncValueTaskMethodBuilder`1.StateMachineBox`1.System.Threading.Tasks.Sources.IValueTaskSource<TResult>.GetResult(Int16 token)
   at System.Net.Http.HttpConnection.SendAsync(HttpRequestMessage request, Boolean async, CancellationToken cancellationToken)
[2026-03-19 10:57:00Z ERR  BrokerServer] #####################################################
[2026-03-19 10:57:00Z ERR  BrokerServer] System.Net.Sockets.SocketException (89): Operation canceled
[2026-03-19 10:57:00Z WARN BrokerServer] Back off 13,67 seconds before next retry. 4 attempt left.
[2026-03-19 10:57:00Z INFO BrokerMessageListener] Get messages has been cancelled using local token source. Continue to get messages with new status.
[2026-03-19 11:07:19Z INFO Terminal] WRITE LINE: Exiting...
[2026-03-19 11:07:19Z INFO ConfigurationStore] IsServiceConfigured()
[2026-03-19 11:07:19Z INFO ConfigurationStore] IsServiceConfigured: False
[2026-03-19 11:07:19Z INFO HostContext] Runner will be shutdown for UserCancelled
[2026-03-19 11:07:19Z WARN GitHubActionsService] GET request to https://broker.actions.githubusercontent.com/message?sessionId=97c0d595-6e9a-4b0c-aa2d-f52877768476&status=Online&runnerVersion=2.332.0&os=macOS&architecture=ARM64&disableUpdate=false has been cancelled.
[2026-03-19 11:07:19Z ERR  BrokerServer] Catch exception during request
[2026-03-19 11:07:19Z ERR  BrokerServer] System.Threading.Tasks.TaskCanceledException: The operation was canceled.
 ---> System.Threading.Tasks.TaskCanceledException: The operation was canceled.
 ---> System.IO.IOException: Unable to read data from the transport connection: Operation canceled.
 ---> System.Net.Sockets.SocketException (89): Operation canceled
   --- End of inner exception stack trace ---
   at System.Net.Sockets.Socket.AwaitableSocketAsyncEventArgs.System.Threading.Tasks.Sources.IValueTaskSource<System.Int32>.GetResult(Int16 token)
   at System.Net.Security.SslStream.EnsureFullTlsFrameAsync[TIOAdapter](CancellationToken cancellationToken, Int32 estimatedSize)
   at System.Runtime.CompilerServices.PoolingAsyncValueTaskMethodBuilder`1.StateMachineBox`1.System.Threading.Tasks.Sources.IValueTaskSource<TResult>.GetResult(Int16 token)
   at System.Net.Security.SslStream.ReadAsyncInternal[TIOAdapter](Memory`1 buffer, CancellationToken cancellationToken)
   at System.Runtime.CompilerServices.PoolingAsyncValueTaskMethodBuilder`1.StateMachineBox`1.System.Threading.Tasks.Sources.IValueTaskSource<TResult>.GetResult(Int16 token)
   at System.Net.Http.HttpConnection.SendAsync(HttpRequestMessage request, Boolean async, CancellationToken cancellationToken)
   --- End of inner exception stack trace ---
   at System.Net.Http.HttpConnection.SendAsync(HttpRequestMessage request, Boolean async, CancellationToken cancellationToken)
   at System.Net.Http.AuthenticationHelper.SendWithNtAuthAsync(HttpRequestMessage request, Uri authUri, Boolean async, ICredentials credentials, Boolean isProxyAuth, HttpConnection connection, HttpConnectionPool connectionPool, CancellationToken cancellationToken)
   at System.Net.Http.HttpConnectionPool.SendWithVersionDetectionAndRetryAsync(HttpRequestMessage request, Boolean async, Boolean doRequestAuth, CancellationToken cancellationToken)
   at System.Net.Http.AuthenticationHelper.SendWithAuthAsync(HttpRequestMessage request, Uri authUri, Boolean async, ICredentials credentials, Boolean preAuthenticate, Boolean isProxyAuth, Boolean doRequestAuth, HttpConnectionPool pool, CancellationToken cancellationToken)
   at System.Net.Http.RedirectHandler.SendAsync(HttpRequestMessage request, Boolean async, CancellationToken cancellationToken)
   at GitHub.Services.Common.RawHttpMessageHandler.SendAsync(HttpRequestMessage request, CancellationToken cancellationToken)
   at GitHub.Services.Common.VssHttpRetryMessageHandler.SendAsync(HttpRequestMessage request, CancellationToken cancellationToken)
   at System.Net.Http.HttpClient.<SendAsync>g__Core|83_0(HttpRequestMessage request, HttpCompletionOption completionOption, CancellationTokenSource cts, Boolean disposeCts, CancellationTokenSource pendingRequestsCts, CancellationToken originalCancellationToken)
   --- End of inner exception stack trace ---
   at System.Net.Http.HttpClient.HandleFailure(Exception e, Boolean telemetryStarted, HttpResponseMessage response, CancellationTokenSource cts, CancellationToken cancellationToken, CancellationTokenSource pendingRequestsCts)
   at System.Net.Http.HttpClient.<SendAsync>g__Core|83_0(HttpRequestMessage request, HttpCompletionOption completionOption, CancellationTokenSource cts, Boolean disposeCts, CancellationTokenSource pendingRequestsCts, CancellationToken originalCancellationToken)
   at Sdk.WebApi.WebApi.RawHttpClientBase.SendAsync(HttpRequestMessage message, HttpCompletionOption completionOption, Object userState, CancellationToken cancellationToken)
   at Sdk.WebApi.WebApi.RawHttpClientBase.SendAsync[T](HttpRequestMessage message, Boolean readErrorBody, Object userState, CancellationToken cancellationToken)
   at Sdk.WebApi.WebApi.RawHttpClientBase.SendAsync[T](HttpMethod method, IEnumerable`1 additionalHeaders, Uri requestUri, HttpContent content, IEnumerable`1 queryParameters, Boolean readErrorBody, Object userState, CancellationToken cancellationToken)
   at GitHub.Actions.RunService.WebApi.BrokerHttpClient.GetRunnerMessageAsync(Nullable`1 sessionId, String runnerVersion, Nullable`1 status, String os, String architecture, Nullable`1 disableUpdate, CancellationToken cancellationToken)
   at GitHub.Runner.Common.BrokerServer.<>c__DisplayClass7_0.<<GetRunnerMessageAsync>b__0>d.MoveNext()
--- End of stack trace from previous location ---
   at GitHub.Runner.Common.RunnerService.RetryRequest[T](Func`1 func, CancellationToken cancellationToken, Int32 maxAttempts, Func`2 shouldRetry)
[2026-03-19 11:07:19Z ERR  BrokerServer] #####################################################
[2026-03-19 11:07:19Z ERR  BrokerServer] System.Threading.Tasks.TaskCanceledException: The operation was canceled.
 ---> System.IO.IOException: Unable to read data from the transport connection: Operation canceled.
 ---> System.Net.Sockets.SocketException (89): Operation canceled
   --- End of inner exception stack trace ---
   at System.Net.Sockets.Socket.AwaitableSocketAsyncEventArgs.System.Threading.Tasks.Sources.IValueTaskSource<System.Int32>.GetResult(Int16 token)
   at System.Net.Security.SslStream.EnsureFullTlsFrameAsync[TIOAdapter](CancellationToken cancellationToken, Int32 estimatedSize)
   at System.Runtime.CompilerServices.PoolingAsyncValueTaskMethodBuilder`1.StateMachineBox`1.System.Threading.Tasks.Sources.IValueTaskSource<TResult>.GetResult(Int16 token)
   at System.Net.Security.SslStream.ReadAsyncInternal[TIOAdapter](Memory`1 buffer, CancellationToken cancellationToken)
   at System.Runtime.CompilerServices.PoolingAsyncValueTaskMethodBuilder`1.StateMachineBox`1.System.Threading.Tasks.Sources.IValueTaskSource<TResult>.GetResult(Int16 token)
   at System.Net.Http.HttpConnection.SendAsync(HttpRequestMessage request, Boolean async, CancellationToken cancellationToken)
   --- End of inner exception stack trace ---
   at System.Net.Http.HttpConnection.SendAsync(HttpRequestMessage request, Boolean async, CancellationToken cancellationToken)
   at System.Net.Http.AuthenticationHelper.SendWithNtAuthAsync(HttpRequestMessage request, Uri authUri, Boolean async, ICredentials credentials, Boolean isProxyAuth, HttpConnection connection, HttpConnectionPool connectionPool, CancellationToken cancellationToken)
   at System.Net.Http.HttpConnectionPool.SendWithVersionDetectionAndRetryAsync(HttpRequestMessage request, Boolean async, Boolean doRequestAuth, CancellationToken cancellationToken)
   at System.Net.Http.AuthenticationHelper.SendWithAuthAsync(HttpRequestMessage request, Uri authUri, Boolean async, ICredentials credentials, Boolean preAuthenticate, Boolean isProxyAuth, Boolean doRequestAuth, HttpConnectionPool pool, CancellationToken cancellationToken)
   at System.Net.Http.RedirectHandler.SendAsync(HttpRequestMessage request, Boolean async, CancellationToken cancellationToken)
   at GitHub.Services.Common.RawHttpMessageHandler.SendAsync(HttpRequestMessage request, CancellationToken cancellationToken)
   at GitHub.Services.Common.VssHttpRetryMessageHandler.SendAsync(HttpRequestMessage request, CancellationToken cancellationToken)
   at System.Net.Http.HttpClient.<SendAsync>g__Core|83_0(HttpRequestMessage request, HttpCompletionOption completionOption, CancellationTokenSource cts, Boolean disposeCts, CancellationTokenSource pendingRequestsCts, CancellationToken originalCancellationToken)
[2026-03-19 11:07:19Z ERR  BrokerServer] #####################################################
[2026-03-19 11:07:19Z ERR  BrokerServer] System.IO.IOException: Unable to read data from the transport connection: Operation canceled.
 ---> System.Net.Sockets.SocketException (89): Operation canceled
   --- End of inner exception stack trace ---
   at System.Net.Sockets.Socket.AwaitableSocketAsyncEventArgs.System.Threading.Tasks.Sources.IValueTaskSource<System.Int32>.GetResult(Int16 token)
   at System.Net.Security.SslStream.EnsureFullTlsFrameAsync[TIOAdapter](CancellationToken cancellationToken, Int32 estimatedSize)
   at System.Runtime.CompilerServices.PoolingAsyncValueTaskMethodBuilder`1.StateMachineBox`1.System.Threading.Tasks.Sources.IValueTaskSource<TResult>.GetResult(Int16 token)
   at System.Net.Security.SslStream.ReadAsyncInternal[TIOAdapter](Memory`1 buffer, CancellationToken cancellationToken)
   at System.Runtime.CompilerServices.PoolingAsyncValueTaskMethodBuilder`1.StateMachineBox`1.System.Threading.Tasks.Sources.IValueTaskSource<TResult>.GetResult(Int16 token)
   at System.Net.Http.HttpConnection.SendAsync(HttpRequestMessage request, Boolean async, CancellationToken cancellationToken)
[2026-03-19 11:07:19Z ERR  BrokerServer] #####################################################
[2026-03-19 11:07:19Z ERR  BrokerServer] System.Net.Sockets.SocketException (89): Operation canceled
[2026-03-19 11:07:19Z WARN BrokerServer] Back off 10,89 seconds before next retry. 4 attempt left.
[2026-03-19 11:07:19Z INFO BrokerMessageListener] Get next message has been cancelled.
[2026-03-19 11:07:19Z INFO JobDispatcher] Shutting down JobDispatcher. Make sure all WorkerDispatcher has finished.
[2026-03-19 11:07:19Z INFO JobDispatcher] Ensure WorkerDispatcher for job 7d55692c-ceee-5ee0-a19d-4b52c9ae58a6 run to finish, cancel any running job.
[2026-03-19 11:07:19Z INFO JobDispatcher] Job request 7d55692c-ceee-5ee0-a19d-4b52c9ae58a6 processed succeed.
[2026-03-19 11:07:19Z INFO Runner] Deleting Runner Session...
[2026-03-19 11:07:19Z INFO Listener] Runner execution been cancelled.
