[2026-03-17 15:54:06Z INFO HostContext] No proxy settings were found based on environmental variables (http_proxy/https_proxy/HTTP_PROXY/HTTPS_PROXY)
[2026-03-17 15:54:06Z INFO HostContext] Well known directory 'Bin': '/Users/noelito/Desktop/EIF3/2Cuatrimestre/SAT/django/GameRank-Website_Django-Python_based_/actions-runner/bin'
[2026-03-17 15:54:06Z INFO HostContext] Well known directory 'Root': '/Users/noelito/Desktop/EIF3/2Cuatrimestre/SAT/django/GameRank-Website_Django-Python_based_/actions-runner'
[2026-03-17 15:54:06Z INFO HostContext] Well known config file 'Credentials': '/Users/noelito/Desktop/EIF3/2Cuatrimestre/SAT/django/GameRank-Website_Django-Python_based_/actions-runner/.credentials'
[2026-03-17 15:54:06Z INFO HostContext] Well known directory 'Bin': '/Users/noelito/Desktop/EIF3/2Cuatrimestre/SAT/django/GameRank-Website_Django-Python_based_/actions-runner/bin'
[2026-03-17 15:54:06Z INFO HostContext] Well known directory 'Root': '/Users/noelito/Desktop/EIF3/2Cuatrimestre/SAT/django/GameRank-Website_Django-Python_based_/actions-runner'
[2026-03-17 15:54:06Z INFO HostContext] Well known config file 'Runner': '/Users/noelito/Desktop/EIF3/2Cuatrimestre/SAT/django/GameRank-Website_Django-Python_based_/actions-runner/.runner'
[2026-03-17 15:54:06Z INFO Listener] Runner is built for OSX (Arm64) - osx-arm64.
[2026-03-17 15:54:06Z INFO Listener] RuntimeInformation: Darwin 25.4.0 Darwin Kernel Version 25.4.0: Thu Mar  5 22:46:01 PST 2026; root:xnu-12377.101.14~19/RELEASE_ARM64_T8103.
[2026-03-17 15:54:06Z INFO Listener] Version: 2.332.0
[2026-03-17 15:54:06Z INFO Listener] Commit: a153d802ff96c51ac1b8d72dd8a38ebe830398fc
[2026-03-17 15:54:06Z INFO Listener] Culture: es-ES
[2026-03-17 15:54:06Z INFO Listener] UI Culture: es-ES
[2026-03-17 15:54:06Z INFO HostContext] Well known directory 'Bin': '/Users/noelito/Desktop/EIF3/2Cuatrimestre/SAT/django/GameRank-Website_Django-Python_based_/actions-runner/bin'
[2026-03-17 15:54:06Z INFO HostContext] Well known directory 'Root': '/Users/noelito/Desktop/EIF3/2Cuatrimestre/SAT/django/GameRank-Website_Django-Python_based_/actions-runner'
[2026-03-17 15:54:06Z INFO Listener] Validating directory permissions for: '/Users/noelito/Desktop/EIF3/2Cuatrimestre/SAT/django/GameRank-Website_Django-Python_based_/actions-runner'
[2026-03-17 15:54:06Z INFO CommandLineParser] Parse
[2026-03-17 15:54:06Z INFO CommandLineParser] Parsing 5 args
[2026-03-17 15:54:06Z INFO CommandLineParser] parsing argument
[2026-03-17 15:54:06Z INFO CommandLineParser] HasArgs: False
[2026-03-17 15:54:06Z INFO CommandLineParser] Adding Command: configure
[2026-03-17 15:54:06Z INFO CommandLineParser] parsing argument
[2026-03-17 15:54:06Z INFO CommandLineParser] HasArgs: True
[2026-03-17 15:54:06Z INFO CommandLineParser] arg: url
[2026-03-17 15:54:06Z INFO CommandLineParser] parsing argument
[2026-03-17 15:54:06Z INFO CommandLineParser] HasArgs: True
[2026-03-17 15:54:06Z INFO CommandLineParser] Adding option 'url': 'https://github.com/nowelito28/GameRank-Website_Django-Python_based_'
[2026-03-17 15:54:06Z INFO CommandLineParser] parsing argument
[2026-03-17 15:54:06Z INFO CommandLineParser] HasArgs: True
[2026-03-17 15:54:06Z INFO CommandLineParser] arg: token
[2026-03-17 15:54:06Z INFO CommandLineParser] parsing argument
[2026-03-17 15:54:06Z INFO CommandLineParser] HasArgs: True
[2026-03-17 15:54:06Z INFO CommandLineParser] Adding option 'token': '***'
[2026-03-17 15:54:06Z INFO Listener] Arguments parsed
[2026-03-17 15:54:06Z INFO Runner] ExecuteCommand
[2026-03-17 15:54:06Z INFO ConfigurationStore] currentAssemblyLocation: /Users/noelito/Desktop/EIF3/2Cuatrimestre/SAT/django/GameRank-Website_Django-Python_based_/actions-runner/bin/Runner.Listener.dll
[2026-03-17 15:54:06Z INFO HostContext] Well known directory 'Bin': '/Users/noelito/Desktop/EIF3/2Cuatrimestre/SAT/django/GameRank-Website_Django-Python_based_/actions-runner/bin'
[2026-03-17 15:54:06Z INFO ConfigurationStore] binPath: /Users/noelito/Desktop/EIF3/2Cuatrimestre/SAT/django/GameRank-Website_Django-Python_based_/actions-runner/bin
[2026-03-17 15:54:06Z INFO HostContext] Well known directory 'Bin': '/Users/noelito/Desktop/EIF3/2Cuatrimestre/SAT/django/GameRank-Website_Django-Python_based_/actions-runner/bin'
[2026-03-17 15:54:06Z INFO HostContext] Well known directory 'Root': '/Users/noelito/Desktop/EIF3/2Cuatrimestre/SAT/django/GameRank-Website_Django-Python_based_/actions-runner'
[2026-03-17 15:54:06Z INFO ConfigurationStore] RootFolder: /Users/noelito/Desktop/EIF3/2Cuatrimestre/SAT/django/GameRank-Website_Django-Python_based_/actions-runner
[2026-03-17 15:54:06Z INFO HostContext] Well known directory 'Bin': '/Users/noelito/Desktop/EIF3/2Cuatrimestre/SAT/django/GameRank-Website_Django-Python_based_/actions-runner/bin'
[2026-03-17 15:54:06Z INFO HostContext] Well known directory 'Root': '/Users/noelito/Desktop/EIF3/2Cuatrimestre/SAT/django/GameRank-Website_Django-Python_based_/actions-runner'
[2026-03-17 15:54:06Z INFO HostContext] Well known config file 'Runner': '/Users/noelito/Desktop/EIF3/2Cuatrimestre/SAT/django/GameRank-Website_Django-Python_based_/actions-runner/.runner'
[2026-03-17 15:54:06Z INFO ConfigurationStore] ConfigFilePath: /Users/noelito/Desktop/EIF3/2Cuatrimestre/SAT/django/GameRank-Website_Django-Python_based_/actions-runner/.runner
[2026-03-17 15:54:06Z INFO HostContext] Well known directory 'Bin': '/Users/noelito/Desktop/EIF3/2Cuatrimestre/SAT/django/GameRank-Website_Django-Python_based_/actions-runner/bin'
[2026-03-17 15:54:06Z INFO HostContext] Well known directory 'Root': '/Users/noelito/Desktop/EIF3/2Cuatrimestre/SAT/django/GameRank-Website_Django-Python_based_/actions-runner'
[2026-03-17 15:54:06Z INFO HostContext] Well known config file 'MigratedRunner': '/Users/noelito/Desktop/EIF3/2Cuatrimestre/SAT/django/GameRank-Website_Django-Python_based_/actions-runner/.runner_migrated'
[2026-03-17 15:54:06Z INFO ConfigurationStore] MigratedConfigFilePath: /Users/noelito/Desktop/EIF3/2Cuatrimestre/SAT/django/GameRank-Website_Django-Python_based_/actions-runner/.runner_migrated
[2026-03-17 15:54:06Z INFO HostContext] Well known directory 'Bin': '/Users/noelito/Desktop/EIF3/2Cuatrimestre/SAT/django/GameRank-Website_Django-Python_based_/actions-runner/bin'
[2026-03-17 15:54:06Z INFO HostContext] Well known directory 'Root': '/Users/noelito/Desktop/EIF3/2Cuatrimestre/SAT/django/GameRank-Website_Django-Python_based_/actions-runner'
[2026-03-17 15:54:06Z INFO HostContext] Well known config file 'Credentials': '/Users/noelito/Desktop/EIF3/2Cuatrimestre/SAT/django/GameRank-Website_Django-Python_based_/actions-runner/.credentials'
[2026-03-17 15:54:06Z INFO ConfigurationStore] CredFilePath: /Users/noelito/Desktop/EIF3/2Cuatrimestre/SAT/django/GameRank-Website_Django-Python_based_/actions-runner/.credentials
[2026-03-17 15:54:06Z INFO HostContext] Well known directory 'Bin': '/Users/noelito/Desktop/EIF3/2Cuatrimestre/SAT/django/GameRank-Website_Django-Python_based_/actions-runner/bin'
[2026-03-17 15:54:06Z INFO HostContext] Well known directory 'Root': '/Users/noelito/Desktop/EIF3/2Cuatrimestre/SAT/django/GameRank-Website_Django-Python_based_/actions-runner'
[2026-03-17 15:54:06Z INFO HostContext] Well known config file 'MigratedCredentials': '/Users/noelito/Desktop/EIF3/2Cuatrimestre/SAT/django/GameRank-Website_Django-Python_based_/actions-runner/.credentials_migrated'
[2026-03-17 15:54:06Z INFO ConfigurationStore] MigratedCredFilePath: /Users/noelito/Desktop/EIF3/2Cuatrimestre/SAT/django/GameRank-Website_Django-Python_based_/actions-runner/.credentials_migrated
[2026-03-17 15:54:06Z INFO HostContext] Well known directory 'Bin': '/Users/noelito/Desktop/EIF3/2Cuatrimestre/SAT/django/GameRank-Website_Django-Python_based_/actions-runner/bin'
[2026-03-17 15:54:06Z INFO HostContext] Well known directory 'Root': '/Users/noelito/Desktop/EIF3/2Cuatrimestre/SAT/django/GameRank-Website_Django-Python_based_/actions-runner'
[2026-03-17 15:54:06Z INFO HostContext] Well known config file 'Service': '/Users/noelito/Desktop/EIF3/2Cuatrimestre/SAT/django/GameRank-Website_Django-Python_based_/actions-runner/.service'
[2026-03-17 15:54:06Z INFO ConfigurationStore] ServiceConfigFilePath: /Users/noelito/Desktop/EIF3/2Cuatrimestre/SAT/django/GameRank-Website_Django-Python_based_/actions-runner/.service
[2026-03-17 15:54:06Z INFO CommandSettings] Flag 'help': 'False'
[2026-03-17 15:54:06Z INFO CommandSettings] Flag 'version': 'False'
[2026-03-17 15:54:06Z INFO CommandSettings] Flag 'commit': 'False'
[2026-03-17 15:54:06Z INFO CommandSettings] Flag 'check': 'False'
[2026-03-17 15:54:06Z INFO CommandSettings] Command 'configure': 'True'
[2026-03-17 15:54:06Z INFO Terminal] WRITE LINE: 
[2026-03-17 15:54:06Z INFO Terminal] WRITE LINE: --------------------------------------------------------------------------------
[2026-03-17 15:54:06Z INFO Terminal] WRITE LINE: |        ____ _ _   _   _       _          _        _   _                      |
[2026-03-17 15:54:06Z INFO Terminal] WRITE LINE: |       / ___(_) |_| | | |_   _| |__      / \   ___| |_(_) ___  _ __  ___      |
[2026-03-17 15:54:06Z INFO Terminal] WRITE LINE: |      | |  _| | __| |_| | | | | '_ \    / _ \ / __| __| |/ _ \| '_ \/ __|     |
[2026-03-17 15:54:06Z INFO Terminal] WRITE LINE: |      | |_| | | |_|  _  | |_| | |_) |  / ___ \ (__| |_| | (_) | | | \__ \     |
[2026-03-17 15:54:06Z INFO Terminal] WRITE LINE: |       \____|_|\__|_| |_|\__,_|_.__/  /_/   \_\___|\__|_|\___/|_| |_|___/     |
[2026-03-17 15:54:06Z INFO Terminal] WRITE LINE: |                                                                              |
[2026-03-17 15:54:06Z INFO Terminal] WRITE: |                       
[2026-03-17 15:54:06Z INFO Terminal] WRITE: Self-hosted runner registration
[2026-03-17 15:54:06Z INFO Terminal] WRITE LINE:                         |
[2026-03-17 15:54:06Z INFO Terminal] WRITE LINE: |                                                                              |
[2026-03-17 15:54:06Z INFO Terminal] WRITE LINE: --------------------------------------------------------------------------------
[2026-03-17 15:54:06Z INFO ConfigurationManager] ConfigureAsync
[2026-03-17 15:54:06Z INFO CommandSettings] Flag 'generateServiceConfig': 'False'
[2026-03-17 15:54:06Z INFO ConfigurationStore] IsConfigured()
[2026-03-17 15:54:06Z INFO ConfigurationStore] IsConfigured: False
[2026-03-17 15:54:06Z INFO ConfigurationManager] Is configured: False
[2026-03-17 15:54:06Z INFO CommandSettings] Arg 'url': 'https://github.com/nowelito28/GameRank-Website_Django-Python_based_'
[2026-03-17 15:54:06Z INFO CommandSettings] Remove url from Arg dictionary.
[2026-03-17 15:54:06Z INFO CommandSettings] Arg 'token': '***'
[2026-03-17 15:54:06Z INFO CommandSettings] Remove token from Arg dictionary.
[2026-03-17 15:54:07Z INFO ConfigurationManager] Http response code: OK from 'POST https://api.github.com/actions/runner-registration' (2132:55940:6F484D8:62C60DF:69B9791E)
[2026-03-17 15:54:07Z INFO ConfigurationManager] Using runner-admin flow: False
[2026-03-17 15:54:07Z INFO ConfigurationManager] cred retrieved via GitHub auth
[2026-03-17 15:54:07Z INFO RunnerServer] EstablishVssConnection
[2026-03-17 15:54:07Z INFO RunnerServer] Establish connection with 100 seconds timeout.
[2026-03-17 15:54:07Z INFO GitHubActionsService] Starting operation Location.GetConnectionData
[2026-03-17 15:54:07Z INFO RunnerServer] EstablishVssConnection
[2026-03-17 15:54:07Z INFO RunnerServer] Establish connection with 60 seconds timeout.
[2026-03-17 15:54:07Z INFO GitHubActionsService] Starting operation Location.GetConnectionData
[2026-03-17 15:54:07Z INFO RunnerServer] EstablishVssConnection
[2026-03-17 15:54:07Z INFO RunnerServer] Establish connection with 60 seconds timeout.
[2026-03-17 15:54:07Z INFO GitHubActionsService] Starting operation Location.GetConnectionData
[2026-03-17 15:54:08Z INFO GitHubActionsService] Finished operation Location.GetConnectionData
[2026-03-17 15:54:08Z INFO GitHubActionsService] Finished operation Location.GetConnectionData
[2026-03-17 15:54:08Z INFO GitHubActionsService] Finished operation Location.GetConnectionData
[2026-03-17 15:54:08Z INFO Terminal] WRITE LINE: 
[2026-03-17 15:54:08Z INFO ConfigurationManager] Test Connection complete.
[2026-03-17 15:54:08Z INFO HostContext] Well known directory 'Bin': '/Users/noelito/Desktop/EIF3/2Cuatrimestre/SAT/django/GameRank-Website_Django-Python_based_/actions-runner/bin'
[2026-03-17 15:54:08Z INFO HostContext] Well known directory 'Root': '/Users/noelito/Desktop/EIF3/2Cuatrimestre/SAT/django/GameRank-Website_Django-Python_based_/actions-runner'
[2026-03-17 15:54:08Z INFO HostContext] Well known config file 'RSACredentials': '/Users/noelito/Desktop/EIF3/2Cuatrimestre/SAT/django/GameRank-Website_Django-Python_based_/actions-runner/.credentials_rsaparams'
[2026-03-17 15:54:08Z INFO RSAFileKeyManager] Creating new RSA key using 2048-bit key length
[2026-03-17 15:54:08Z INFO RSAFileKeyManager] Successfully saved RSA key parameters to file /Users/noelito/Desktop/EIF3/2Cuatrimestre/SAT/django/GameRank-Website_Django-Python_based_/actions-runner/.credentials_rsaparams
[2026-03-17 15:54:08Z INFO RSAFileKeyManager] Which2: 'chmod'
[2026-03-17 15:54:08Z INFO RSAFileKeyManager] Location: '/bin/chmod'
[2026-03-17 15:54:08Z INFO HostContext] Well known directory 'Bin': '/Users/noelito/Desktop/EIF3/2Cuatrimestre/SAT/django/GameRank-Website_Django-Python_based_/actions-runner/bin'
[2026-03-17 15:54:08Z INFO HostContext] Well known directory 'Root': '/Users/noelito/Desktop/EIF3/2Cuatrimestre/SAT/django/GameRank-Website_Django-Python_based_/actions-runner'
[2026-03-17 15:54:08Z INFO ProcessInvokerWrapper] Starting process:
[2026-03-17 15:54:08Z INFO ProcessInvokerWrapper]   File name: '/bin/chmod'
[2026-03-17 15:54:08Z INFO ProcessInvokerWrapper]   Arguments: '600 /Users/noelito/Desktop/EIF3/2Cuatrimestre/SAT/django/GameRank-Website_Django-Python_based_/actions-runner/.credentials_rsaparams'
[2026-03-17 15:54:08Z INFO ProcessInvokerWrapper]   Working directory: '/Users/noelito/Desktop/EIF3/2Cuatrimestre/SAT/django/GameRank-Website_Django-Python_based_/actions-runner'
[2026-03-17 15:54:08Z INFO ProcessInvokerWrapper]   Require exit code zero: 'False'
[2026-03-17 15:54:08Z INFO ProcessInvokerWrapper]   Encoding web name:  ; code page: ''
[2026-03-17 15:54:08Z INFO ProcessInvokerWrapper]   Force kill process on cancellation: 'False'
[2026-03-17 15:54:08Z INFO ProcessInvokerWrapper]   Redirected STDIN: 'False'
[2026-03-17 15:54:08Z INFO ProcessInvokerWrapper]   Persist current code page: 'False'
[2026-03-17 15:54:08Z INFO ProcessInvokerWrapper]   Keep redirected STDIN open: 'False'
[2026-03-17 15:54:08Z INFO ProcessInvokerWrapper]   High priority process: 'False'
[2026-03-17 15:54:08Z INFO ProcessInvokerWrapper] Process started with process id 40000, waiting for process exit.
[2026-03-17 15:54:08Z INFO ProcessInvokerWrapper] STDOUT/STDERR stream read finished.
[2026-03-17 15:54:08Z INFO ProcessInvokerWrapper] STDOUT/STDERR stream read finished.
[2026-03-17 15:54:08Z INFO ProcessInvokerWrapper] Finished process 40000 with exit code 0, and elapsed time 00:00:00.0613604.
[2026-03-17 15:54:08Z INFO RSAFileKeyManager] Successfully set permissions for RSA key parameters file /Users/noelito/Desktop/EIF3/2Cuatrimestre/SAT/django/GameRank-Website_Django-Python_based_/actions-runner/.credentials_rsaparams
[2026-03-17 15:54:08Z INFO CommandSettings] Arg 'runnergroup': ''
[2026-03-17 15:54:08Z INFO CommandSettings] Flag 'unattended': 'False'
[2026-03-17 15:54:08Z INFO PromptManager] ReadValue
[2026-03-17 15:54:08Z INFO Terminal] WRITE: Enter the name of the runner group to add this runner to: 
[2026-03-17 15:54:08Z INFO Terminal] WRITE: [press Enter for Default] 
[2026-03-17 15:54:08Z INFO Terminal] READ LINE
[2026-03-17 15:54:53Z INFO Terminal] Read value: 'gamerank-runner'
[2026-03-17 15:54:53Z INFO Terminal] WRITE LINE: 
[2026-03-17 15:54:53Z ERR  Runner] GitHub.DistributedTask.WebApi.TaskAgentPoolNotFoundException: Could not find any self-hosted runner group named "gamerank-runner".
   at GitHub.Runner.Listener.Configuration.ConfigurationManager.ConfigureAsync(CommandSettings command)
   at GitHub.Runner.Listener.Runner.ExecuteCommand(CommandSettings command)
[2026-03-17 15:54:53Z ERR  Terminal] WRITE ERROR: Could not find any self-hosted runner group named "gamerank-runner".
[2026-03-17 15:54:53Z INFO Listener] Runner execution has finished with return code 1
