[2026-03-17 15:56:00Z INFO HostContext] No proxy settings were found based on environmental variables (http_proxy/https_proxy/HTTP_PROXY/HTTPS_PROXY)
[2026-03-17 15:56:00Z INFO HostContext] Well known directory 'Bin': '/Users/noelito/Desktop/EIF3/2Cuatrimestre/SAT/django/GameRank-Website_Django-Python_based_/actions-runner/bin'
[2026-03-17 15:56:00Z INFO HostContext] Well known directory 'Root': '/Users/noelito/Desktop/EIF3/2Cuatrimestre/SAT/django/GameRank-Website_Django-Python_based_/actions-runner'
[2026-03-17 15:56:00Z INFO HostContext] Well known config file 'Credentials': '/Users/noelito/Desktop/EIF3/2Cuatrimestre/SAT/django/GameRank-Website_Django-Python_based_/actions-runner/.credentials'
[2026-03-17 15:56:00Z INFO HostContext] Well known directory 'Bin': '/Users/noelito/Desktop/EIF3/2Cuatrimestre/SAT/django/GameRank-Website_Django-Python_based_/actions-runner/bin'
[2026-03-17 15:56:00Z INFO HostContext] Well known directory 'Root': '/Users/noelito/Desktop/EIF3/2Cuatrimestre/SAT/django/GameRank-Website_Django-Python_based_/actions-runner'
[2026-03-17 15:56:00Z INFO HostContext] Well known config file 'Runner': '/Users/noelito/Desktop/EIF3/2Cuatrimestre/SAT/django/GameRank-Website_Django-Python_based_/actions-runner/.runner'
[2026-03-17 15:56:00Z INFO Listener] Runner is built for OSX (Arm64) - osx-arm64.
[2026-03-17 15:56:00Z INFO Listener] RuntimeInformation: Darwin 25.4.0 Darwin Kernel Version 25.4.0: Thu Mar  5 22:46:01 PST 2026; root:xnu-12377.101.14~19/RELEASE_ARM64_T8103.
[2026-03-17 15:56:00Z INFO Listener] Version: 2.332.0
[2026-03-17 15:56:00Z INFO Listener] Commit: a153d802ff96c51ac1b8d72dd8a38ebe830398fc
[2026-03-17 15:56:00Z INFO Listener] Culture: es-ES
[2026-03-17 15:56:00Z INFO Listener] UI Culture: es-ES
[2026-03-17 15:56:00Z INFO HostContext] Well known directory 'Bin': '/Users/noelito/Desktop/EIF3/2Cuatrimestre/SAT/django/GameRank-Website_Django-Python_based_/actions-runner/bin'
[2026-03-17 15:56:00Z INFO HostContext] Well known directory 'Root': '/Users/noelito/Desktop/EIF3/2Cuatrimestre/SAT/django/GameRank-Website_Django-Python_based_/actions-runner'
[2026-03-17 15:56:00Z INFO Listener] Validating directory permissions for: '/Users/noelito/Desktop/EIF3/2Cuatrimestre/SAT/django/GameRank-Website_Django-Python_based_/actions-runner'
[2026-03-17 15:56:00Z INFO CommandLineParser] Parse
[2026-03-17 15:56:00Z INFO CommandLineParser] Parsing 5 args
[2026-03-17 15:56:00Z INFO CommandLineParser] parsing argument
[2026-03-17 15:56:00Z INFO CommandLineParser] HasArgs: False
[2026-03-17 15:56:00Z INFO CommandLineParser] Adding Command: configure
[2026-03-17 15:56:00Z INFO CommandLineParser] parsing argument
[2026-03-17 15:56:00Z INFO CommandLineParser] HasArgs: True
[2026-03-17 15:56:00Z INFO CommandLineParser] arg: url
[2026-03-17 15:56:00Z INFO CommandLineParser] parsing argument
[2026-03-17 15:56:00Z INFO CommandLineParser] HasArgs: True
[2026-03-17 15:56:00Z INFO CommandLineParser] Adding option 'url': 'https://github.com/nowelito28/GameRank-Website_Django-Python_based_'
[2026-03-17 15:56:00Z INFO CommandLineParser] parsing argument
[2026-03-17 15:56:00Z INFO CommandLineParser] HasArgs: True
[2026-03-17 15:56:00Z INFO CommandLineParser] arg: token
[2026-03-17 15:56:00Z INFO CommandLineParser] parsing argument
[2026-03-17 15:56:00Z INFO CommandLineParser] HasArgs: True
[2026-03-17 15:56:00Z INFO CommandLineParser] Adding option 'token': '***'
[2026-03-17 15:56:00Z INFO Listener] Arguments parsed
[2026-03-17 15:56:00Z INFO Runner] ExecuteCommand
[2026-03-17 15:56:00Z INFO ConfigurationStore] currentAssemblyLocation: /Users/noelito/Desktop/EIF3/2Cuatrimestre/SAT/django/GameRank-Website_Django-Python_based_/actions-runner/bin/Runner.Listener.dll
[2026-03-17 15:56:00Z INFO HostContext] Well known directory 'Bin': '/Users/noelito/Desktop/EIF3/2Cuatrimestre/SAT/django/GameRank-Website_Django-Python_based_/actions-runner/bin'
[2026-03-17 15:56:00Z INFO ConfigurationStore] binPath: /Users/noelito/Desktop/EIF3/2Cuatrimestre/SAT/django/GameRank-Website_Django-Python_based_/actions-runner/bin
[2026-03-17 15:56:00Z INFO HostContext] Well known directory 'Bin': '/Users/noelito/Desktop/EIF3/2Cuatrimestre/SAT/django/GameRank-Website_Django-Python_based_/actions-runner/bin'
[2026-03-17 15:56:00Z INFO HostContext] Well known directory 'Root': '/Users/noelito/Desktop/EIF3/2Cuatrimestre/SAT/django/GameRank-Website_Django-Python_based_/actions-runner'
[2026-03-17 15:56:00Z INFO ConfigurationStore] RootFolder: /Users/noelito/Desktop/EIF3/2Cuatrimestre/SAT/django/GameRank-Website_Django-Python_based_/actions-runner
[2026-03-17 15:56:00Z INFO HostContext] Well known directory 'Bin': '/Users/noelito/Desktop/EIF3/2Cuatrimestre/SAT/django/GameRank-Website_Django-Python_based_/actions-runner/bin'
[2026-03-17 15:56:00Z INFO HostContext] Well known directory 'Root': '/Users/noelito/Desktop/EIF3/2Cuatrimestre/SAT/django/GameRank-Website_Django-Python_based_/actions-runner'
[2026-03-17 15:56:00Z INFO HostContext] Well known config file 'Runner': '/Users/noelito/Desktop/EIF3/2Cuatrimestre/SAT/django/GameRank-Website_Django-Python_based_/actions-runner/.runner'
[2026-03-17 15:56:00Z INFO ConfigurationStore] ConfigFilePath: /Users/noelito/Desktop/EIF3/2Cuatrimestre/SAT/django/GameRank-Website_Django-Python_based_/actions-runner/.runner
[2026-03-17 15:56:00Z INFO HostContext] Well known directory 'Bin': '/Users/noelito/Desktop/EIF3/2Cuatrimestre/SAT/django/GameRank-Website_Django-Python_based_/actions-runner/bin'
[2026-03-17 15:56:00Z INFO HostContext] Well known directory 'Root': '/Users/noelito/Desktop/EIF3/2Cuatrimestre/SAT/django/GameRank-Website_Django-Python_based_/actions-runner'
[2026-03-17 15:56:00Z INFO HostContext] Well known config file 'MigratedRunner': '/Users/noelito/Desktop/EIF3/2Cuatrimestre/SAT/django/GameRank-Website_Django-Python_based_/actions-runner/.runner_migrated'
[2026-03-17 15:56:00Z INFO ConfigurationStore] MigratedConfigFilePath: /Users/noelito/Desktop/EIF3/2Cuatrimestre/SAT/django/GameRank-Website_Django-Python_based_/actions-runner/.runner_migrated
[2026-03-17 15:56:00Z INFO HostContext] Well known directory 'Bin': '/Users/noelito/Desktop/EIF3/2Cuatrimestre/SAT/django/GameRank-Website_Django-Python_based_/actions-runner/bin'
[2026-03-17 15:56:00Z INFO HostContext] Well known directory 'Root': '/Users/noelito/Desktop/EIF3/2Cuatrimestre/SAT/django/GameRank-Website_Django-Python_based_/actions-runner'
[2026-03-17 15:56:00Z INFO HostContext] Well known config file 'Credentials': '/Users/noelito/Desktop/EIF3/2Cuatrimestre/SAT/django/GameRank-Website_Django-Python_based_/actions-runner/.credentials'
[2026-03-17 15:56:00Z INFO ConfigurationStore] CredFilePath: /Users/noelito/Desktop/EIF3/2Cuatrimestre/SAT/django/GameRank-Website_Django-Python_based_/actions-runner/.credentials
[2026-03-17 15:56:00Z INFO HostContext] Well known directory 'Bin': '/Users/noelito/Desktop/EIF3/2Cuatrimestre/SAT/django/GameRank-Website_Django-Python_based_/actions-runner/bin'
[2026-03-17 15:56:00Z INFO HostContext] Well known directory 'Root': '/Users/noelito/Desktop/EIF3/2Cuatrimestre/SAT/django/GameRank-Website_Django-Python_based_/actions-runner'
[2026-03-17 15:56:00Z INFO HostContext] Well known config file 'MigratedCredentials': '/Users/noelito/Desktop/EIF3/2Cuatrimestre/SAT/django/GameRank-Website_Django-Python_based_/actions-runner/.credentials_migrated'
[2026-03-17 15:56:00Z INFO ConfigurationStore] MigratedCredFilePath: /Users/noelito/Desktop/EIF3/2Cuatrimestre/SAT/django/GameRank-Website_Django-Python_based_/actions-runner/.credentials_migrated
[2026-03-17 15:56:00Z INFO HostContext] Well known directory 'Bin': '/Users/noelito/Desktop/EIF3/2Cuatrimestre/SAT/django/GameRank-Website_Django-Python_based_/actions-runner/bin'
[2026-03-17 15:56:00Z INFO HostContext] Well known directory 'Root': '/Users/noelito/Desktop/EIF3/2Cuatrimestre/SAT/django/GameRank-Website_Django-Python_based_/actions-runner'
[2026-03-17 15:56:00Z INFO HostContext] Well known config file 'Service': '/Users/noelito/Desktop/EIF3/2Cuatrimestre/SAT/django/GameRank-Website_Django-Python_based_/actions-runner/.service'
[2026-03-17 15:56:00Z INFO ConfigurationStore] ServiceConfigFilePath: /Users/noelito/Desktop/EIF3/2Cuatrimestre/SAT/django/GameRank-Website_Django-Python_based_/actions-runner/.service
[2026-03-17 15:56:00Z INFO CommandSettings] Flag 'help': 'False'
[2026-03-17 15:56:00Z INFO CommandSettings] Flag 'version': 'False'
[2026-03-17 15:56:00Z INFO CommandSettings] Flag 'commit': 'False'
[2026-03-17 15:56:00Z INFO CommandSettings] Flag 'check': 'False'
[2026-03-17 15:56:00Z INFO CommandSettings] Command 'configure': 'True'
[2026-03-17 15:56:00Z INFO Terminal] WRITE LINE: 
[2026-03-17 15:56:00Z INFO Terminal] WRITE LINE: --------------------------------------------------------------------------------
[2026-03-17 15:56:00Z INFO Terminal] WRITE LINE: |        ____ _ _   _   _       _          _        _   _                      |
[2026-03-17 15:56:00Z INFO Terminal] WRITE LINE: |       / ___(_) |_| | | |_   _| |__      / \   ___| |_(_) ___  _ __  ___      |
[2026-03-17 15:56:00Z INFO Terminal] WRITE LINE: |      | |  _| | __| |_| | | | | '_ \    / _ \ / __| __| |/ _ \| '_ \/ __|     |
[2026-03-17 15:56:00Z INFO Terminal] WRITE LINE: |      | |_| | | |_|  _  | |_| | |_) |  / ___ \ (__| |_| | (_) | | | \__ \     |
[2026-03-17 15:56:00Z INFO Terminal] WRITE LINE: |       \____|_|\__|_| |_|\__,_|_.__/  /_/   \_\___|\__|_|\___/|_| |_|___/     |
[2026-03-17 15:56:00Z INFO Terminal] WRITE LINE: |                                                                              |
[2026-03-17 15:56:00Z INFO Terminal] WRITE: |                       
[2026-03-17 15:56:00Z INFO Terminal] WRITE: Self-hosted runner registration
[2026-03-17 15:56:00Z INFO Terminal] WRITE LINE:                         |
[2026-03-17 15:56:00Z INFO Terminal] WRITE LINE: |                                                                              |
[2026-03-17 15:56:00Z INFO Terminal] WRITE LINE: --------------------------------------------------------------------------------
[2026-03-17 15:56:00Z INFO ConfigurationManager] ConfigureAsync
[2026-03-17 15:56:00Z INFO CommandSettings] Flag 'generateServiceConfig': 'False'
[2026-03-17 15:56:00Z INFO ConfigurationStore] IsConfigured()
[2026-03-17 15:56:00Z INFO ConfigurationStore] IsConfigured: False
[2026-03-17 15:56:00Z INFO ConfigurationManager] Is configured: False
[2026-03-17 15:56:00Z INFO CommandSettings] Arg 'url': 'https://github.com/nowelito28/GameRank-Website_Django-Python_based_'
[2026-03-17 15:56:00Z INFO CommandSettings] Remove url from Arg dictionary.
[2026-03-17 15:56:00Z INFO CommandSettings] Arg 'token': '***'
[2026-03-17 15:56:00Z INFO CommandSettings] Remove token from Arg dictionary.
[2026-03-17 15:56:01Z INFO ConfigurationManager] Http response code: OK from 'POST https://api.github.com/actions/runner-registration' (74EE:25DE55:7278FC5:65C5CD1:69B97991)
[2026-03-17 15:56:01Z INFO ConfigurationManager] Using runner-admin flow: False
[2026-03-17 15:56:01Z INFO ConfigurationManager] cred retrieved via GitHub auth
[2026-03-17 15:56:01Z INFO RunnerServer] EstablishVssConnection
[2026-03-17 15:56:01Z INFO RunnerServer] Establish connection with 100 seconds timeout.
[2026-03-17 15:56:01Z INFO GitHubActionsService] Starting operation Location.GetConnectionData
[2026-03-17 15:56:01Z INFO RunnerServer] EstablishVssConnection
[2026-03-17 15:56:01Z INFO RunnerServer] Establish connection with 60 seconds timeout.
[2026-03-17 15:56:01Z INFO GitHubActionsService] Starting operation Location.GetConnectionData
[2026-03-17 15:56:01Z INFO RunnerServer] EstablishVssConnection
[2026-03-17 15:56:01Z INFO RunnerServer] Establish connection with 60 seconds timeout.
[2026-03-17 15:56:01Z INFO GitHubActionsService] Starting operation Location.GetConnectionData
[2026-03-17 15:56:01Z INFO GitHubActionsService] Finished operation Location.GetConnectionData
[2026-03-17 15:56:01Z INFO GitHubActionsService] Finished operation Location.GetConnectionData
[2026-03-17 15:56:01Z INFO GitHubActionsService] Finished operation Location.GetConnectionData
[2026-03-17 15:56:02Z INFO Terminal] WRITE LINE: 
[2026-03-17 15:56:02Z INFO ConfigurationManager] Test Connection complete.
[2026-03-17 15:56:02Z INFO HostContext] Well known directory 'Bin': '/Users/noelito/Desktop/EIF3/2Cuatrimestre/SAT/django/GameRank-Website_Django-Python_based_/actions-runner/bin'
[2026-03-17 15:56:02Z INFO HostContext] Well known directory 'Root': '/Users/noelito/Desktop/EIF3/2Cuatrimestre/SAT/django/GameRank-Website_Django-Python_based_/actions-runner'
[2026-03-17 15:56:02Z INFO HostContext] Well known config file 'RSACredentials': '/Users/noelito/Desktop/EIF3/2Cuatrimestre/SAT/django/GameRank-Website_Django-Python_based_/actions-runner/.credentials_rsaparams'
[2026-03-17 15:56:02Z INFO RSAFileKeyManager] Found existing RSA key parameters file /Users/noelito/Desktop/EIF3/2Cuatrimestre/SAT/django/GameRank-Website_Django-Python_based_/actions-runner/.credentials_rsaparams
[2026-03-17 15:56:02Z INFO CommandSettings] Arg 'runnergroup': ''
[2026-03-17 15:56:02Z INFO CommandSettings] Flag 'unattended': 'False'
[2026-03-17 15:56:02Z INFO PromptManager] ReadValue
[2026-03-17 15:56:02Z INFO Terminal] WRITE: Enter the name of the runner group to add this runner to: 
[2026-03-17 15:56:02Z INFO Terminal] WRITE: [press Enter for Default] 
[2026-03-17 15:56:02Z INFO Terminal] READ LINE
[2026-03-17 15:56:02Z INFO Terminal] Read value: ''
[2026-03-17 15:56:02Z INFO PromptManager] Falling back to the default: 'Default'
[2026-03-17 15:56:02Z INFO Terminal] WRITE LINE: 
[2026-03-17 15:56:02Z INFO ConfigurationManager] Found a self-hosted runner group with id 1 and name Default
[2026-03-17 15:56:02Z INFO CommandSettings] Flag 'disableupdate': 'False'
[2026-03-17 15:56:02Z INFO CommandSettings] Flag 'ephemeral': 'False'
[2026-03-17 15:56:02Z INFO CommandSettings] Arg 'name': ''
[2026-03-17 15:56:02Z INFO CommandSettings] Flag 'unattended': 'False'
[2026-03-17 15:56:02Z INFO PromptManager] ReadValue
[2026-03-17 15:56:02Z INFO Terminal] WRITE: Enter the name of runner: 
[2026-03-17 15:56:02Z INFO Terminal] WRITE: [press Enter for MacBook-Air-de-Noel] 
[2026-03-17 15:56:02Z INFO Terminal] READ LINE
[2026-03-17 15:56:19Z INFO Terminal] Read value: 'gamerank-runner'
[2026-03-17 15:56:19Z INFO Terminal] WRITE LINE: 
[2026-03-17 15:56:19Z INFO CommandSettings] Arg 'labels': ''
[2026-03-17 15:56:19Z INFO CommandSettings] Flag 'unattended': 'False'
[2026-03-17 15:56:19Z INFO PromptManager] ReadValue
[2026-03-17 15:56:19Z INFO Terminal] WRITE: This runner will have the following labels: 'self-hosted', 'macOS', 'ARM64' 
Enter any additional labels (ex. label-1,label-2): 
[2026-03-17 15:56:19Z INFO Terminal] WRITE: [press Enter to skip] 
[2026-03-17 15:56:19Z INFO Terminal] READ LINE
[2026-03-17 15:56:29Z INFO Terminal] Read value: ''
[2026-03-17 15:56:29Z INFO Terminal] WRITE LINE: 
[2026-03-17 15:56:29Z INFO CommandSettings] Flag 'disableupdate': 'False'
[2026-03-17 15:56:29Z INFO CommandSettings] Flag 'no-default-labels': 'False'
[2026-03-17 15:56:29Z INFO CommandSettings] Flag 'disableupdate': 'False'
[2026-03-17 15:56:29Z INFO CommandSettings] Flag 'ephemeral': 'False'
[2026-03-17 15:56:29Z INFO ConfigurationStore] Saving OAuth credential @ /Users/noelito/Desktop/EIF3/2Cuatrimestre/SAT/django/GameRank-Website_Django-Python_based_/actions-runner/.credentials
[2026-03-17 15:56:29Z INFO ConfigurationStore] Credentials Saved.
[2026-03-17 15:56:29Z INFO ConfigurationManager] Service enforced serverUrlV2: https://broker.actions.githubusercontent.com/
[2026-03-17 15:56:29Z INFO ConfigurationManager] Service enforced useV2Flow: True
[2026-03-17 15:56:29Z INFO CommandSettings] Arg 'work': ''
[2026-03-17 15:56:29Z INFO CommandSettings] Flag 'unattended': 'False'
[2026-03-17 15:56:29Z INFO PromptManager] ReadValue
[2026-03-17 15:56:29Z INFO Terminal] WRITE: Enter name of work folder: 
[2026-03-17 15:56:29Z INFO Terminal] WRITE: [press Enter for _work] 
[2026-03-17 15:56:29Z INFO Terminal] READ LINE
[2026-03-17 15:57:01Z INFO Terminal] Read value: ''
[2026-03-17 15:57:01Z INFO PromptManager] Falling back to the default: '_work'
[2026-03-17 15:57:01Z INFO ConfigurationStore] Saving runner settings.
[2026-03-17 15:57:01Z INFO ConfigurationStore] Settings Saved.
[2026-03-17 15:57:01Z INFO Terminal] WRITE LINE: 
[2026-03-17 15:57:01Z INFO Terminal] WRITE LINE: 
[2026-03-17 15:57:01Z INFO OsxServiceControlManager] Service name 'actions.runner.nowelito28-GameRank-Website_Django-Python_based_.gamerank-runner' display name 'GitHub Actions Runner (nowelito28-GameRank-Website_Django-Python_based_.gamerank-runner)' will be used for service configuration.
[2026-03-17 15:57:01Z INFO HostContext] Well known directory 'Bin': '/Users/noelito/Desktop/EIF3/2Cuatrimestre/SAT/django/GameRank-Website_Django-Python_based_/actions-runner/bin'
[2026-03-17 15:57:01Z INFO HostContext] Well known directory 'Root': '/Users/noelito/Desktop/EIF3/2Cuatrimestre/SAT/django/GameRank-Website_Django-Python_based_/actions-runner'
[2026-03-17 15:57:01Z INFO HostContext] Well known directory 'Bin': '/Users/noelito/Desktop/EIF3/2Cuatrimestre/SAT/django/GameRank-Website_Django-Python_based_/actions-runner/bin'
[2026-03-17 15:57:01Z INFO HostContext] Well known directory 'Bin': '/Users/noelito/Desktop/EIF3/2Cuatrimestre/SAT/django/GameRank-Website_Django-Python_based_/actions-runner/bin'
[2026-03-17 15:57:01Z INFO HostContext] Well known directory 'Root': '/Users/noelito/Desktop/EIF3/2Cuatrimestre/SAT/django/GameRank-Website_Django-Python_based_/actions-runner'
[2026-03-17 15:57:01Z INFO UnixUtil] Which2: 'chmod'
[2026-03-17 15:57:01Z INFO UnixUtil] Location: '/bin/chmod'
[2026-03-17 15:57:01Z INFO UnixUtil] Running /bin/chmod 755 "/Users/noelito/Desktop/EIF3/2Cuatrimestre/SAT/django/GameRank-Website_Django-Python_based_/actions-runner/svc.sh"
[2026-03-17 15:57:01Z INFO ProcessInvokerWrapper] Starting process:
[2026-03-17 15:57:01Z INFO ProcessInvokerWrapper]   File name: '/bin/chmod'
[2026-03-17 15:57:01Z INFO ProcessInvokerWrapper]   Arguments: '755 "/Users/noelito/Desktop/EIF3/2Cuatrimestre/SAT/django/GameRank-Website_Django-Python_based_/actions-runner/svc.sh"'
[2026-03-17 15:57:01Z INFO ProcessInvokerWrapper]   Working directory: '/Users/noelito/Desktop/EIF3/2Cuatrimestre/SAT/django/GameRank-Website_Django-Python_based_/actions-runner'
[2026-03-17 15:57:01Z INFO ProcessInvokerWrapper]   Require exit code zero: 'True'
[2026-03-17 15:57:01Z INFO ProcessInvokerWrapper]   Encoding web name:  ; code page: ''
[2026-03-17 15:57:01Z INFO ProcessInvokerWrapper]   Force kill process on cancellation: 'False'
[2026-03-17 15:57:01Z INFO ProcessInvokerWrapper]   Redirected STDIN: 'False'
[2026-03-17 15:57:01Z INFO ProcessInvokerWrapper]   Persist current code page: 'False'
[2026-03-17 15:57:01Z INFO ProcessInvokerWrapper]   Keep redirected STDIN open: 'False'
[2026-03-17 15:57:01Z INFO ProcessInvokerWrapper]   High priority process: 'False'
[2026-03-17 15:57:01Z INFO ProcessInvokerWrapper] Process started with process id 40181, waiting for process exit.
[2026-03-17 15:57:01Z INFO ProcessInvokerWrapper] STDOUT/STDERR stream read finished.
[2026-03-17 15:57:01Z INFO ProcessInvokerWrapper] STDOUT/STDERR stream read finished.
[2026-03-17 15:57:01Z INFO ProcessInvokerWrapper] Finished process 40181 with exit code 0, and elapsed time 00:00:00.0728057.
[2026-03-17 15:57:01Z INFO Listener] Runner execution has finished with return code 0
