[2026-03-18 16:16:06Z INFO HostContext] No proxy settings were found based on environmental variables (http_proxy/https_proxy/HTTP_PROXY/HTTPS_PROXY)
[2026-03-18 16:16:06Z INFO HostContext] Well known directory 'Bin': '/Users/noelito/Desktop/EIF3/2Cuatrimestre/SAT/django/GameRank-Website_Django-Python_based_/actions-runner/bin'
[2026-03-18 16:16:06Z INFO HostContext] Well known directory 'Root': '/Users/noelito/Desktop/EIF3/2Cuatrimestre/SAT/django/GameRank-Website_Django-Python_based_/actions-runner'
[2026-03-18 16:16:06Z INFO HostContext] Well known config file 'Credentials': '/Users/noelito/Desktop/EIF3/2Cuatrimestre/SAT/django/GameRank-Website_Django-Python_based_/actions-runner/.credentials'
[2026-03-18 16:16:06Z INFO HostContext] Well known directory 'Bin': '/Users/noelito/Desktop/EIF3/2Cuatrimestre/SAT/django/GameRank-Website_Django-Python_based_/actions-runner/bin'
[2026-03-18 16:16:06Z INFO HostContext] Well known directory 'Root': '/Users/noelito/Desktop/EIF3/2Cuatrimestre/SAT/django/GameRank-Website_Django-Python_based_/actions-runner'
[2026-03-18 16:16:06Z INFO HostContext] Well known config file 'Runner': '/Users/noelito/Desktop/EIF3/2Cuatrimestre/SAT/django/GameRank-Website_Django-Python_based_/actions-runner/.runner'
[2026-03-18 16:16:06Z INFO Listener] Runner is built for OSX (Arm64) - osx-arm64.
[2026-03-18 16:16:06Z INFO Listener] RuntimeInformation: Darwin 25.4.0 Darwin Kernel Version 25.4.0: Thu Mar  5 22:46:01 PST 2026; root:xnu-12377.101.14~19/RELEASE_ARM64_T8103.
[2026-03-18 16:16:06Z INFO Listener] Version: 2.332.0
[2026-03-18 16:16:06Z INFO Listener] Commit: a153d802ff96c51ac1b8d72dd8a38ebe830398fc
[2026-03-18 16:16:06Z INFO Listener] Culture: en-US
[2026-03-18 16:16:06Z INFO Listener] UI Culture: en-US
[2026-03-18 16:16:06Z INFO HostContext] Well known directory 'Bin': '/Users/noelito/Desktop/EIF3/2Cuatrimestre/SAT/django/GameRank-Website_Django-Python_based_/actions-runner/bin'
[2026-03-18 16:16:06Z INFO HostContext] Well known directory 'Root': '/Users/noelito/Desktop/EIF3/2Cuatrimestre/SAT/django/GameRank-Website_Django-Python_based_/actions-runner'
[2026-03-18 16:16:06Z INFO Listener] Validating directory permissions for: '/Users/noelito/Desktop/EIF3/2Cuatrimestre/SAT/django/GameRank-Website_Django-Python_based_/actions-runner'
[2026-03-18 16:16:06Z INFO CommandLineParser] Parse
[2026-03-18 16:16:06Z INFO CommandLineParser] Parsing 1 args
[2026-03-18 16:16:06Z INFO CommandLineParser] parsing argument
[2026-03-18 16:16:06Z INFO CommandLineParser] HasArgs: False
[2026-03-18 16:16:06Z INFO CommandLineParser] Adding Command: run
[2026-03-18 16:16:06Z INFO Listener] Arguments parsed
[2026-03-18 16:16:06Z INFO Runner] ExecuteCommand
[2026-03-18 16:16:06Z INFO ConfigurationStore] currentAssemblyLocation: /Users/noelito/Desktop/EIF3/2Cuatrimestre/SAT/django/GameRank-Website_Django-Python_based_/actions-runner/bin/Runner.Listener.dll
[2026-03-18 16:16:06Z INFO HostContext] Well known directory 'Bin': '/Users/noelito/Desktop/EIF3/2Cuatrimestre/SAT/django/GameRank-Website_Django-Python_based_/actions-runner/bin'
[2026-03-18 16:16:06Z INFO ConfigurationStore] binPath: /Users/noelito/Desktop/EIF3/2Cuatrimestre/SAT/django/GameRank-Website_Django-Python_based_/actions-runner/bin
[2026-03-18 16:16:06Z INFO HostContext] Well known directory 'Bin': '/Users/noelito/Desktop/EIF3/2Cuatrimestre/SAT/django/GameRank-Website_Django-Python_based_/actions-runner/bin'
[2026-03-18 16:16:06Z INFO HostContext] Well known directory 'Root': '/Users/noelito/Desktop/EIF3/2Cuatrimestre/SAT/django/GameRank-Website_Django-Python_based_/actions-runner'
[2026-03-18 16:16:06Z INFO ConfigurationStore] RootFolder: /Users/noelito/Desktop/EIF3/2Cuatrimestre/SAT/django/GameRank-Website_Django-Python_based_/actions-runner
[2026-03-18 16:16:06Z INFO HostContext] Well known directory 'Bin': '/Users/noelito/Desktop/EIF3/2Cuatrimestre/SAT/django/GameRank-Website_Django-Python_based_/actions-runner/bin'
[2026-03-18 16:16:06Z INFO HostContext] Well known directory 'Root': '/Users/noelito/Desktop/EIF3/2Cuatrimestre/SAT/django/GameRank-Website_Django-Python_based_/actions-runner'
[2026-03-18 16:16:06Z INFO HostContext] Well known config file 'Runner': '/Users/noelito/Desktop/EIF3/2Cuatrimestre/SAT/django/GameRank-Website_Django-Python_based_/actions-runner/.runner'
[2026-03-18 16:16:06Z INFO ConfigurationStore] ConfigFilePath: /Users/noelito/Desktop/EIF3/2Cuatrimestre/SAT/django/GameRank-Website_Django-Python_based_/actions-runner/.runner
[2026-03-18 16:16:06Z INFO HostContext] Well known directory 'Bin': '/Users/noelito/Desktop/EIF3/2Cuatrimestre/SAT/django/GameRank-Website_Django-Python_based_/actions-runner/bin'
[2026-03-18 16:16:06Z INFO HostContext] Well known directory 'Root': '/Users/noelito/Desktop/EIF3/2Cuatrimestre/SAT/django/GameRank-Website_Django-Python_based_/actions-runner'
[2026-03-18 16:16:06Z INFO HostContext] Well known config file 'MigratedRunner': '/Users/noelito/Desktop/EIF3/2Cuatrimestre/SAT/django/GameRank-Website_Django-Python_based_/actions-runner/.runner_migrated'
[2026-03-18 16:16:06Z INFO ConfigurationStore] MigratedConfigFilePath: /Users/noelito/Desktop/EIF3/2Cuatrimestre/SAT/django/GameRank-Website_Django-Python_based_/actions-runner/.runner_migrated
[2026-03-18 16:16:06Z INFO HostContext] Well known directory 'Bin': '/Users/noelito/Desktop/EIF3/2Cuatrimestre/SAT/django/GameRank-Website_Django-Python_based_/actions-runner/bin'
[2026-03-18 16:16:06Z INFO HostContext] Well known directory 'Root': '/Users/noelito/Desktop/EIF3/2Cuatrimestre/SAT/django/GameRank-Website_Django-Python_based_/actions-runner'
[2026-03-18 16:16:06Z INFO HostContext] Well known config file 'Credentials': '/Users/noelito/Desktop/EIF3/2Cuatrimestre/SAT/django/GameRank-Website_Django-Python_based_/actions-runner/.credentials'
[2026-03-18 16:16:06Z INFO ConfigurationStore] CredFilePath: /Users/noelito/Desktop/EIF3/2Cuatrimestre/SAT/django/GameRank-Website_Django-Python_based_/actions-runner/.credentials
[2026-03-18 16:16:06Z INFO HostContext] Well known directory 'Bin': '/Users/noelito/Desktop/EIF3/2Cuatrimestre/SAT/django/GameRank-Website_Django-Python_based_/actions-runner/bin'
[2026-03-18 16:16:06Z INFO HostContext] Well known directory 'Root': '/Users/noelito/Desktop/EIF3/2Cuatrimestre/SAT/django/GameRank-Website_Django-Python_based_/actions-runner'
[2026-03-18 16:16:06Z INFO HostContext] Well known config file 'MigratedCredentials': '/Users/noelito/Desktop/EIF3/2Cuatrimestre/SAT/django/GameRank-Website_Django-Python_based_/actions-runner/.credentials_migrated'
[2026-03-18 16:16:06Z INFO ConfigurationStore] MigratedCredFilePath: /Users/noelito/Desktop/EIF3/2Cuatrimestre/SAT/django/GameRank-Website_Django-Python_based_/actions-runner/.credentials_migrated
[2026-03-18 16:16:06Z INFO HostContext] Well known directory 'Bin': '/Users/noelito/Desktop/EIF3/2Cuatrimestre/SAT/django/GameRank-Website_Django-Python_based_/actions-runner/bin'
[2026-03-18 16:16:06Z INFO HostContext] Well known directory 'Root': '/Users/noelito/Desktop/EIF3/2Cuatrimestre/SAT/django/GameRank-Website_Django-Python_based_/actions-runner'
[2026-03-18 16:16:06Z INFO HostContext] Well known config file 'Service': '/Users/noelito/Desktop/EIF3/2Cuatrimestre/SAT/django/GameRank-Website_Django-Python_based_/actions-runner/.service'
[2026-03-18 16:16:06Z INFO ConfigurationStore] ServiceConfigFilePath: /Users/noelito/Desktop/EIF3/2Cuatrimestre/SAT/django/GameRank-Website_Django-Python_based_/actions-runner/.service
[2026-03-18 16:16:06Z INFO CommandSettings] Flag 'help': 'False'
[2026-03-18 16:16:06Z INFO CommandSettings] Flag 'version': 'False'
[2026-03-18 16:16:06Z INFO CommandSettings] Flag 'commit': 'False'
[2026-03-18 16:16:06Z INFO CommandSettings] Flag 'check': 'False'
[2026-03-18 16:16:06Z INFO CommandSettings] Command 'configure': 'False'
[2026-03-18 16:16:06Z INFO CommandSettings] Command 'remove': 'False'
[2026-03-18 16:16:06Z INFO CommandSettings] Command 'warmup': 'False'
[2026-03-18 16:16:06Z INFO ConfigurationManager] LoadSettings
[2026-03-18 16:16:06Z INFO ConfigurationStore] IsConfigured()
[2026-03-18 16:16:06Z INFO ConfigurationStore] IsConfigured: True
[2026-03-18 16:16:06Z INFO ConfigurationManager] Is configured: True
[2026-03-18 16:16:06Z INFO ConfigurationStore] Read setting file: 417 chars
[2026-03-18 16:16:06Z INFO ConfigurationManager] Settings Loaded
[2026-03-18 16:16:06Z INFO ConfigurationStore] IsServiceConfigured()
[2026-03-18 16:16:06Z INFO ConfigurationStore] IsServiceConfigured: True
[2026-03-18 16:16:06Z INFO CommandSettings] Command 'run': 'True'
[2026-03-18 16:16:06Z INFO ConfigurationStore] IsConfigured()
[2026-03-18 16:16:06Z INFO ConfigurationStore] IsConfigured: True
[2026-03-18 16:16:06Z INFO ConfigurationManager] Is configured: True
[2026-03-18 16:16:06Z INFO Runner] Try determine runner startup type base on console redirects.
[2026-03-18 16:16:06Z INFO Runner] Set runner startup type - Manual
[2026-03-18 16:16:06Z INFO CommandSettings] Flag 'once': 'False'
[2026-03-18 16:16:06Z INFO CommandSettings] Flag 'once': 'False'
[2026-03-18 16:16:06Z INFO Runner] RunAsync
[2026-03-18 16:16:06Z INFO HostContext] Well known directory 'Bin': '/Users/noelito/Desktop/EIF3/2Cuatrimestre/SAT/django/GameRank-Website_Django-Python_based_/actions-runner/bin'
[2026-03-18 16:16:06Z INFO HostContext] Well known directory 'Root': '/Users/noelito/Desktop/EIF3/2Cuatrimestre/SAT/django/GameRank-Website_Django-Python_based_/actions-runner'
[2026-03-18 16:16:06Z INFO HostContext] Well known directory 'Work': '/Users/noelito/Desktop/EIF3/2Cuatrimestre/SAT/django/GameRank-Website_Django-Python_based_/actions-runner/_work'
[2026-03-18 16:16:06Z INFO Runner] Validating directory permissions for: '/Users/noelito/Desktop/EIF3/2Cuatrimestre/SAT/django/GameRank-Website_Django-Python_based_/actions-runner/_work'
[2026-03-18 16:16:06Z INFO ConfigurationManager] LoadMigratedSettings
[2026-03-18 16:16:06Z INFO ConfigurationStore] IsMigratedConfigured()
[2026-03-18 16:16:06Z INFO ConfigurationStore] IsMigratedConfigured: False
[2026-03-18 16:16:06Z INFO Runner] Failed to load migrated settings: No migrated configuration found.
[2026-03-18 16:16:06Z INFO Runner] Falling back to original .runner settings
[2026-03-18 16:16:06Z INFO Runner] Using BrokerMessageListener
[2026-03-18 16:16:06Z INFO BrokerMessageListener] Using provided settings
[2026-03-18 16:16:06Z INFO BrokerMessageListener] {
  "AgentId": 2,
  "AgentName": "gamerank-runner",
  "PoolId": 1,
  "PoolName": "Default",
  "ServerUrl": "https://pipelinesghubeus26.actions.githubusercontent.com/nfoVjZ2SEEcEdFuDLkb44ao6WYM3Z2vJ2FVbCxnVyJbq1WllR6/",
  "GitHubUrl": "https://github.com/nowelito28/GameRank-Website_Django-Python_based_",
  "WorkFolder": "_work",
  "UseV2Flow": true,
  "ServerUrlV2": "https://broker.actions.githubusercontent.com/"
}
[2026-03-18 16:16:06Z INFO BrokerMessageListener] Loading Credentials
[2026-03-18 16:16:06Z INFO ConfigurationStore] HasCredentials()
[2026-03-18 16:16:06Z INFO ConfigurationStore] stored True
[2026-03-18 16:16:06Z INFO CredentialManager] GetCredentialProvider
[2026-03-18 16:16:06Z INFO CredentialManager] Creating type OAuth
[2026-03-18 16:16:06Z INFO CredentialManager] Creating credential type: OAuth
[2026-03-18 16:16:06Z INFO HostContext] Well known directory 'Bin': '/Users/noelito/Desktop/EIF3/2Cuatrimestre/SAT/django/GameRank-Website_Django-Python_based_/actions-runner/bin'
[2026-03-18 16:16:06Z INFO HostContext] Well known directory 'Root': '/Users/noelito/Desktop/EIF3/2Cuatrimestre/SAT/django/GameRank-Website_Django-Python_based_/actions-runner'
[2026-03-18 16:16:06Z INFO HostContext] Well known config file 'RSACredentials': '/Users/noelito/Desktop/EIF3/2Cuatrimestre/SAT/django/GameRank-Website_Django-Python_based_/actions-runner/.credentials_rsaparams'
[2026-03-18 16:16:06Z INFO RSAFileKeyManager] Loading RSA key parameters from file /Users/noelito/Desktop/EIF3/2Cuatrimestre/SAT/django/GameRank-Website_Django-Python_based_/actions-runner/.credentials_rsaparams
[2026-03-18 16:16:06Z INFO BrokerMessageListener] Attempt to create session.
[2026-03-18 16:16:06Z INFO BrokerMessageListener] Connecting to the Broker Server...
[2026-03-18 16:16:06Z INFO ConfigurationStore] HasCredentials()
[2026-03-18 16:16:06Z INFO ConfigurationStore] stored True
[2026-03-18 16:16:06Z INFO CredentialManager] GetCredentialProvider
[2026-03-18 16:16:06Z INFO CredentialManager] Creating type OAuth
[2026-03-18 16:16:06Z INFO CredentialManager] Creating credential type: OAuth
[2026-03-18 16:16:06Z INFO RSAFileKeyManager] Loading RSA key parameters from file /Users/noelito/Desktop/EIF3/2Cuatrimestre/SAT/django/GameRank-Website_Django-Python_based_/actions-runner/.credentials_rsaparams
[2026-03-18 16:16:06Z INFO BrokerMessageListener] VssConnection created
[2026-03-18 16:16:06Z INFO BrokerMessageListener] Connecting to the Runner server...
[2026-03-18 16:16:06Z INFO RunnerServer] EstablishVssConnection
[2026-03-18 16:16:06Z INFO RunnerServer] Establish connection with 100 seconds timeout.
[2026-03-18 16:16:06Z INFO GitHubActionsService] Starting operation Location.GetConnectionData
[2026-03-18 16:16:06Z INFO RunnerServer] EstablishVssConnection
[2026-03-18 16:16:06Z INFO RunnerServer] Establish connection with 60 seconds timeout.
[2026-03-18 16:16:06Z INFO GitHubActionsService] Starting operation Location.GetConnectionData
[2026-03-18 16:16:06Z INFO RunnerServer] EstablishVssConnection
[2026-03-18 16:16:06Z INFO RunnerServer] Establish connection with 60 seconds timeout.
[2026-03-18 16:16:06Z INFO GitHubActionsService] Starting operation Location.GetConnectionData
[2026-03-18 16:16:07Z INFO GitHubActionsService] Finished operation Location.GetConnectionData
[2026-03-18 16:16:07Z INFO GitHubActionsService] Finished operation Location.GetConnectionData
[2026-03-18 16:16:07Z INFO GitHubActionsService] Finished operation Location.GetConnectionData
[2026-03-18 16:16:07Z INFO BrokerMessageListener] VssConnection created
[2026-03-18 16:16:07Z INFO Terminal] WRITE LINE: 
[2026-03-18 16:16:07Z INFO Terminal] WRITE LINE: 
[2026-03-18 16:16:07Z INFO RSAFileKeyManager] Loading RSA key parameters from file /Users/noelito/Desktop/EIF3/2Cuatrimestre/SAT/django/GameRank-Website_Django-Python_based_/actions-runner/.credentials_rsaparams
[2026-03-18 16:16:07Z INFO RSAFileKeyManager] Loading RSA key parameters from file /Users/noelito/Desktop/EIF3/2Cuatrimestre/SAT/django/GameRank-Website_Django-Python_based_/actions-runner/.credentials_rsaparams
[2026-03-18 16:16:08Z INFO GitHubActionsService] AAD Correlation ID for this token request: Unknown
[2026-03-18 16:16:09Z INFO BrokerMessageListener] Session created.
[2026-03-18 16:16:09Z INFO Terminal] WRITE LINE: Current runner version: '2.332.0'
[2026-03-18 16:16:09Z INFO Terminal] WRITE LINE: 2026-03-18 16:16:09Z: Listening for Jobs
[2026-03-18 16:16:09Z INFO JobDispatcher] Set runner/worker IPC timeout to 30 seconds.
[2026-03-18 16:17:11Z INFO Terminal] WRITE LINE: Exiting...
[2026-03-18 16:17:11Z INFO ConfigurationStore] IsServiceConfigured()
[2026-03-18 16:17:11Z INFO ConfigurationStore] IsServiceConfigured: True
[2026-03-18 16:17:11Z INFO Runner] Received Ctrl-C signal, stop Runner.Listener and Runner.Worker.
[2026-03-18 16:17:11Z INFO HostContext] Runner will be shutdown for UserCancelled
[2026-03-18 16:17:11Z WARN GitHubActionsService] GET request to https://broker.actions.githubusercontent.com/message?sessionId=118269f4-b986-41dd-8fc6-862f2c62ce3d&status=Online&runnerVersion=2.332.0&os=macOS&architecture=ARM64&disableUpdate=false has been cancelled.
[2026-03-18 16:17:11Z ERR  BrokerServer] Catch exception during request
[2026-03-18 16:17:11Z ERR  BrokerServer] System.Threading.Tasks.TaskCanceledException: The operation was canceled.
 ---> System.Threading.Tasks.TaskCanceledException: The operation was canceled.
 ---> System.IO.IOException: Unable to read data from the transport connection: Operation canceled.
 ---> System.Net.Sockets.SocketException (89): Operation canceled
   --- End of inner exception stack trace ---
   at System.Net.Sockets.Socket.AwaitableSocketAsyncEventArgs.ThrowException(SocketError error, CancellationToken cancellationToken)
   at System.Net.Sockets.Socket.AwaitableSocketAsyncEventArgs.System.Threading.Tasks.Sources.IValueTaskSource<System.Int32>.GetResult(Int16 token)
   at System.Net.Security.SslStream.EnsureFullTlsFrameAsync[TIOAdapter](CancellationToken cancellationToken, Int32 estimatedSize)
   at System.Runtime.CompilerServices.PoolingAsyncValueTaskMethodBuilder`1.StateMachineBox`1.System.Threading.Tasks.Sources.IValueTaskSource<TResult>.GetResult(Int16 token)
   at System.Net.Security.SslStream.ReadAsyncInternal[TIOAdapter](Memory`1 buffer, CancellationToken cancellationToken)
   at System.Runtime.CompilerServices.PoolingAsyncValueTaskMethodBuilder`1.StateMachineBox`1.System.Threading.Tasks.Sources.IValueTaskSource<TResult>.GetResult(Int16 token)
   at System.Net.Http.HttpConnection.SendAsync(HttpRequestMessage request, Boolean async, CancellationToken cancellationToken)
   --- End of inner exception stack trace ---
   at System.Net.Http.HttpConnection.SendAsync(HttpRequestMessage request, Boolean async, CancellationToken cancellationToken)
   at System.Net.Http.AuthenticationHelper.SendWithNtAuthAsync(HttpRequestMessage request, Uri authUri, Boolean async, ICredentials credentials, Boolean isProxyAuth, HttpConnection connection, HttpConnectionPool connectionPool, CancellationToken cancellationToken)
   at System.Net.Http.HttpConnectionPool.SendWithVersionDetectionAndRetryAsync(HttpRequestMessage request, Boolean async, Boolean doRequestAuth, CancellationToken cancellationToken)
   at System.Net.Http.AuthenticationHelper.SendWithAuthAsync(HttpRequestMessage request, Uri authUri, Boolean async, ICredentials credentials, Boolean preAuthenticate, Boolean isProxyAuth, Boolean doRequestAuth, HttpConnectionPool pool, CancellationToken cancellationToken)
   at System.Net.Http.RedirectHandler.SendAsync(HttpRequestMessage request, Boolean async, CancellationToken cancellationToken)
   at GitHub.Services.Common.RawHttpMessageHandler.SendAsync(HttpRequestMessage request, CancellationToken cancellationToken)
   at GitHub.Services.Common.VssHttpRetryMessageHandler.SendAsync(HttpRequestMessage request, CancellationToken cancellationToken)
   at System.Net.Http.HttpClient.<SendAsync>g__Core|83_0(HttpRequestMessage request, HttpCompletionOption completionOption, CancellationTokenSource cts, Boolean disposeCts, CancellationTokenSource pendingRequestsCts, CancellationToken originalCancellationToken)
   --- End of inner exception stack trace ---
   at System.Net.Http.HttpClient.HandleFailure(Exception e, Boolean telemetryStarted, HttpResponseMessage response, CancellationTokenSource cts, CancellationToken cancellationToken, CancellationTokenSource pendingRequestsCts)
   at System.Net.Http.HttpClient.<SendAsync>g__Core|83_0(HttpRequestMessage request, HttpCompletionOption completionOption, CancellationTokenSource cts, Boolean disposeCts, CancellationTokenSource pendingRequestsCts, CancellationToken originalCancellationToken)
   at Sdk.WebApi.WebApi.RawHttpClientBase.SendAsync(HttpRequestMessage message, HttpCompletionOption completionOption, Object userState, CancellationToken cancellationToken)
   at Sdk.WebApi.WebApi.RawHttpClientBase.SendAsync[T](HttpRequestMessage message, Boolean readErrorBody, Object userState, CancellationToken cancellationToken)
   at Sdk.WebApi.WebApi.RawHttpClientBase.SendAsync[T](HttpMethod method, IEnumerable`1 additionalHeaders, Uri requestUri, HttpContent content, IEnumerable`1 queryParameters, Boolean readErrorBody, Object userState, CancellationToken cancellationToken)
   at GitHub.Actions.RunService.WebApi.BrokerHttpClient.GetRunnerMessageAsync(Nullable`1 sessionId, String runnerVersion, Nullable`1 status, String os, String architecture, Nullable`1 disableUpdate, CancellationToken cancellationToken)
   at GitHub.Runner.Common.BrokerServer.<>c__DisplayClass7_0.<<GetRunnerMessageAsync>b__0>d.MoveNext()
--- End of stack trace from previous location ---
   at GitHub.Runner.Common.RunnerService.RetryRequest[T](Func`1 func, CancellationToken cancellationToken, Int32 maxAttempts, Func`2 shouldRetry)
[2026-03-18 16:17:11Z ERR  BrokerServer] #####################################################
[2026-03-18 16:17:11Z ERR  BrokerServer] System.Threading.Tasks.TaskCanceledException: The operation was canceled.
 ---> System.IO.IOException: Unable to read data from the transport connection: Operation canceled.
 ---> System.Net.Sockets.SocketException (89): Operation canceled
   --- End of inner exception stack trace ---
   at System.Net.Sockets.Socket.AwaitableSocketAsyncEventArgs.ThrowException(SocketError error, CancellationToken cancellationToken)
   at System.Net.Sockets.Socket.AwaitableSocketAsyncEventArgs.System.Threading.Tasks.Sources.IValueTaskSource<System.Int32>.GetResult(Int16 token)
   at System.Net.Security.SslStream.EnsureFullTlsFrameAsync[TIOAdapter](CancellationToken cancellationToken, Int32 estimatedSize)
   at System.Runtime.CompilerServices.PoolingAsyncValueTaskMethodBuilder`1.StateMachineBox`1.System.Threading.Tasks.Sources.IValueTaskSource<TResult>.GetResult(Int16 token)
   at System.Net.Security.SslStream.ReadAsyncInternal[TIOAdapter](Memory`1 buffer, CancellationToken cancellationToken)
   at System.Runtime.CompilerServices.PoolingAsyncValueTaskMethodBuilder`1.StateMachineBox`1.System.Threading.Tasks.Sources.IValueTaskSource<TResult>.GetResult(Int16 token)
   at System.Net.Http.HttpConnection.SendAsync(HttpRequestMessage request, Boolean async, CancellationToken cancellationToken)
   --- End of inner exception stack trace ---
   at System.Net.Http.HttpConnection.SendAsync(HttpRequestMessage request, Boolean async, CancellationToken cancellationToken)
   at System.Net.Http.AuthenticationHelper.SendWithNtAuthAsync(HttpRequestMessage request, Uri authUri, Boolean async, ICredentials credentials, Boolean isProxyAuth, HttpConnection connection, HttpConnectionPool connectionPool, CancellationToken cancellationToken)
   at System.Net.Http.HttpConnectionPool.SendWithVersionDetectionAndRetryAsync(HttpRequestMessage request, Boolean async, Boolean doRequestAuth, CancellationToken cancellationToken)
   at System.Net.Http.AuthenticationHelper.SendWithAuthAsync(HttpRequestMessage request, Uri authUri, Boolean async, ICredentials credentials, Boolean preAuthenticate, Boolean isProxyAuth, Boolean doRequestAuth, HttpConnectionPool pool, CancellationToken cancellationToken)
   at System.Net.Http.RedirectHandler.SendAsync(HttpRequestMessage request, Boolean async, CancellationToken cancellationToken)
   at GitHub.Services.Common.RawHttpMessageHandler.SendAsync(HttpRequestMessage request, CancellationToken cancellationToken)
   at GitHub.Services.Common.VssHttpRetryMessageHandler.SendAsync(HttpRequestMessage request, CancellationToken cancellationToken)
   at System.Net.Http.HttpClient.<SendAsync>g__Core|83_0(HttpRequestMessage request, HttpCompletionOption completionOption, CancellationTokenSource cts, Boolean disposeCts, CancellationTokenSource pendingRequestsCts, CancellationToken originalCancellationToken)
[2026-03-18 16:17:11Z ERR  BrokerServer] #####################################################
[2026-03-18 16:17:11Z ERR  BrokerServer] System.IO.IOException: Unable to read data from the transport connection: Operation canceled.
 ---> System.Net.Sockets.SocketException (89): Operation canceled
   --- End of inner exception stack trace ---
   at System.Net.Sockets.Socket.AwaitableSocketAsyncEventArgs.ThrowException(SocketError error, CancellationToken cancellationToken)
   at System.Net.Sockets.Socket.AwaitableSocketAsyncEventArgs.System.Threading.Tasks.Sources.IValueTaskSource<System.Int32>.GetResult(Int16 token)
   at System.Net.Security.SslStream.EnsureFullTlsFrameAsync[TIOAdapter](CancellationToken cancellationToken, Int32 estimatedSize)
   at System.Runtime.CompilerServices.PoolingAsyncValueTaskMethodBuilder`1.StateMachineBox`1.System.Threading.Tasks.Sources.IValueTaskSource<TResult>.GetResult(Int16 token)
   at System.Net.Security.SslStream.ReadAsyncInternal[TIOAdapter](Memory`1 buffer, CancellationToken cancellationToken)
   at System.Runtime.CompilerServices.PoolingAsyncValueTaskMethodBuilder`1.StateMachineBox`1.System.Threading.Tasks.Sources.IValueTaskSource<TResult>.GetResult(Int16 token)
   at System.Net.Http.HttpConnection.SendAsync(HttpRequestMessage request, Boolean async, CancellationToken cancellationToken)
[2026-03-18 16:17:11Z ERR  BrokerServer] #####################################################
[2026-03-18 16:17:11Z ERR  BrokerServer] System.Net.Sockets.SocketException (89): Operation canceled
[2026-03-18 16:17:11Z WARN BrokerServer] Back off 12.351 seconds before next retry. 4 attempt left.
[2026-03-18 16:17:11Z INFO BrokerMessageListener] Get next message has been cancelled.
[2026-03-18 16:17:11Z INFO JobDispatcher] Shutting down JobDispatcher. Make sure all WorkerDispatcher has finished.
[2026-03-18 16:17:11Z INFO Runner] Deleting Runner Session...
[2026-03-18 16:17:12Z INFO Listener] Runner execution been cancelled.
